WARNING: 
                CC: [PALOM NATENTA  EAR.
                Parsed: {'action': '', 'text': u'[PALOM NATENTA  EAR.', 'speaker': '', 'timestamp': ''}
WARNING: 
                CC: SAR]ICA CAA,
                Parsed: {'action': '', 'text': u'SAR]ICA CAA,', 'speaker': '', 'timestamp': ''}
WARNING: 
                CC: ESAR] MR,
                Parsed: {'action': '', 'text': u'ESAR] MR,', 'speaker': '', 'timestamp': ''}
WARNING: 
                CC: A]EU QUE FARCOADEUUERO ACORDADA!
                Parsed: {'action': '', 'text': u'A]EU QUE FARCOADEUUERO ACORDADA!', 'speaker': '', 'timestamp': ''}
WARNING: 
                CC: UTERO]PI!
                Parsed: {'action': '', 'text': u'UTERO]PI!', 'speaker': '', 'timestamp': ''}
WARNING: 
                CC: ALOMA] ME DEIXA!
                Parsed: {'action': '', 'text': u'ALOMA] ME DEIXA!', 'speaker': '', 'timestamp': ''}
WARNING: 
                CC: [PALOMA]U TENHO QUE CARACORI.
                Parsed: {'action': '', 'text': u'[PALOMA]U TENHO QUE CARACORI.', 'speaker': '', 'timestamp': ''}
WARNING: 
                CC: [CSAR]ALOMTEUMA CRISE NERVOSA.
                Parsed: {'action': '', 'text': u'[CSAR]ALOMTEUMA CRISE NERVOSA.', 'speaker': '', 'timestamp': ''}
WARNING: 
                CC: [PILARMEU US DO U!
                Parsed: {'action': '', 'text': u'[PILARMEU US DO U!', 'speaker': '', 'timestamp': ''}
WARNING: 
                CC: [CESA TA SEDADA.
                Parsed: {'action': '', 'text': u'[CESA TA SEDADA.', 'speaker': '', 'timestamp': ''}
WARNING: 
                CC: [CE EU O ENTENDOA LIGACAO QUA MATEM M ESSA MELNAO  FILHA DELA!
                Parsed: {'action': '', 'text': u'[CE EU O ENTENDOA LIGACAO QUA MATEM M ESSA MELNAO  FILHA DELA!', 'speaker': '', 'timestamp': ''}
WARNING: 
                CC: ] ORDALIA,
                Parsed: {'action': '', 'text': u'] ORDALIA,', 'speaker': '', 'timestamp': ''}
WARNING: 
                CC: [ORDALIA]AS EU MBEMSOU ENFERMRA NESSE HOSPIL!
                Parsed: {'action': '', 'text': u'[ORDALIA]AS EU MBEMSOU ENFERMRA NESSE HOSPIL!', 'speaker': '', 'timestamp': ''}
WARNING: 
                CC: OA] PELO B DA PAINORA.
                Parsed: {'action': '', 'text': u'OA] PELO B DA PAINORA.', 'speaker': '', 'timestamp': ''}
WARNING: 
                CC: NO] A  COM.
                Parsed: {'action': '', 'text': u'NO] A  COM.', 'speaker': '', 'timestamp': ''}
WARNING: 
                CC: LAUCE] TALVEZ SEJA PORQUEA GENTDESAFIOU O DESTINO,
                Parsed: {'action': '', 'text': u'LAUCE] TALVEZ SEJA PORQUEA GENTDESAFIOU O DESTINO,', 'speaker': '', 'timestamp': ''}
WARNING: 
                CC: [ORDALIA]ELO AME DE,
                Parsed: {'action': '', 'text': u'[ORDALIA]ELO AME DE,', 'speaker': '', 'timestamp': ''}
WARNING: 
                CC: [ERON]IROU,
                Parsed: {'action': '', 'text': u'[ERON]IROU,', 'speaker': '', 'timestamp': ''}
WARNING: 
                CC: [NIKO]OCE TAOM CIUMEAGUIA?
                Parsed: {'action': '', 'text': u'[NIKO]OCE TAOM CIUMEAGUIA?', 'speaker': '', 'timestamp': ''}
WARNING: 
                CC: RON]U?
                Parsed: {'action': '', 'text': u'RON]U?', 'speaker': '', 'timestamp': ''}
WARNING: 
                CC: RICIA] AI,
                Parsed: {'action': '', 'text': u'RICIA] AI,', 'speaker': '', 'timestamp': ''}
WARNING: 
                CC: ERSEFO] ,
                Parsed: {'action': '', 'text': u'ERSEFO] ,', 'speaker': '', 'timestamp': ''}
WARNING: 
                CC: RON] ENGOLE TUCURIOSIDADE.
                Parsed: {'action': '', 'text': u'RON] ENGOLE TUCURIOSIDADE.', 'speaker': '', 'timestamp': ''}
WARNING: 
                CC: [NIK EN!
                Parsed: {'action': '', 'text': u'[NIK EN!', 'speaker': '', 'timestamp': ''}
WARNING: 
                CC: EUO QUEREOAJUDAR A MOCRON] NO PRECISA EXPLICAR QDEU A EI..
                Parsed: {'action': '', 'text': u'EUO QUEREOAJUDAR A MOCRON] NO PRECISA EXPLICAR QDEU A EI..', 'speaker': '', 'timestamp': ''}
WARNING: 
                CC: [NIKO]OCE TA RADA,
                Parsed: {'action': '', 'text': u'[NIKO]OCE TA RADA,', 'speaker': '', 'timestamp': ''}
WARNING: 
                CC: [PATRICI JA.
                Parsed: {'action': '', 'text': u'[PATRICI JA.', 'speaker': '', 'timestamp': ''}
WARNING: 
                CC: [PERSEFONEEEM ASSIMNAO.
                Parsed: {'action': '', 'text': u'[PERSEFONEEEM ASSIMNAO.', 'speaker': '', 'timestamp': ''}
WARNING: 
                CC: ATRIA] EU UMA DECEPCO RRIL!
                Parsed: {'action': '', 'text': u'ATRIA] EU UMA DECEPCO RRIL!', 'speaker': '', 'timestamp': ''}
WARNING: 
                CC: [E VE TEMERTEQUE QUER MMOLISSE MICH?
                Parsed: {'action': '', 'text': u'[E VE TEMERTEQUE QUER MMOLISSE MICH?', 'speaker': '', 'timestamp': ''}
WARNING: 
                CC: [PATRICIA]OTALABSO!
                Parsed: {'action': '', 'text': u'[PATRICIA]OTALABSO!', 'speaker': '', 'timestamp': ''}
WARNING: 
                CC: [N DEIXAON?
                Parsed: {'action': '', 'text': u'[N DEIXAON?', 'speaker': '', 'timestamp': ''}
WARNING: 
                CC: [EN]EIXO
                Parsed: {'action': '', 'text': u'[EN]EIXO', 'speaker': '', 'timestamp': ''}
WARNING: 
                CC: [NO]I,
                Parsed: {'action': '', 'text': u'[NO]I,', 'speaker': '', 'timestamp': ''}
WARNING: 
                CC: [PRICIA]NTO,
                Parsed: {'action': '', 'text': u'[PRICIA]NTO,', 'speaker': '', 'timestamp': ''}
WARNING: 
                CC: [PRICIES!
                Parsed: {'action': '', 'text': u'[PRICIES!', 'speaker': '', 'timestamp': ''}
WARNING: 
                CC: [DIZAR EU M CORRENDOASSIM QUE A GINA LIGOU!
                Parsed: {'action': '', 'text': u'[DIZAR EU M CORRENDOASSIM QUE A GINA LIGOU!', 'speaker': '', 'timestamp': ''}
WARNING: 
                CC: ENIZARD] EU FALEI POR.
                Parsed: {'action': '', 'text': u'ENIZARD] EU FALEI POR.', 'speaker': '', 'timestamp': ''}
WARNING: 
                CC: ENIZARD] ATE L
                Parsed: {'action': '', 'text': u'ENIZARD] ATE L', 'speaker': '', 'timestamp': ''}
WARNING: 
                CC: MA[ORDALI CLAROUE AVISO,
                Parsed: {'action': '', 'text': u'MA[ORDALI CLAROUE AVISO,', 'speaker': '', 'timestamp': ''}
WARNING: 
                CC: [FELIA BOM,
                Parsed: {'action': '', 'text': u'[FELIA BOM,', 'speaker': '', 'timestamp': ''}
WARNING: 
                CC: [BERNARDA]ELIX.
                Parsed: {'action': '', 'text': u'[BERNARDA]ELIX.', 'speaker': '', 'timestamp': ''}
WARNING: 
                CC: [DENIZ TEM ALGUMA PLACAQUIPROIBIO A GENTDE NAM?
                Parsed: {'action': '', 'text': u'[DENIZ TEM ALGUMA PLACAQUIPROIBIO A GENTDE NAM?', 'speaker': '', 'timestamp': ''}
WARNING: 
                CC: NATEAA] PERQUE QUE FBRUN
                Parsed: {'action': '', 'text': u'NATEAA] PERQUE QUE FBRUN', 'speaker': '', 'timestamp': ''}
WARNING: 
                CC: [ORDALIENIZARD,
                Parsed: {'action': '', 'text': u'[ORDALIENIZARD,', 'speaker': '', 'timestamp': ''}
WARNING: 
                CC: ICA] E TOD AS DOSESDIREITINHOEU MESMA DEI.
                Parsed: {'action': '', 'text': u'ICA] E TOD AS DOSESDIREITINHOEU MESMA DEI.', 'speaker': '', 'timestamp': ''}
WARNING: 
                CC: RUNO] O SENHORCHAQUVAFUNCIONAR?
                Parsed: {'action': '', 'text': u'RUNO] O SENHORCHAQUVAFUNCIONAR?', 'speaker': '', 'timestamp': ''}
WARNING: 
                CC: [MICL]ATRICIA!
                Parsed: {'action': '', 'text': u'[MICL]ATRICIA!', 'speaker': '', 'timestamp': ''}
WARNING: 
                CC: ICHEL] ONTEM F O GARCOMHOJE E O QUE?
                Parsed: {'action': '', 'text': u'ICHEL] ONTEM F O GARCOMHOJE E O QUE?', 'speaker': '', 'timestamp': ''}
WARNING: 
                CC: [PATRICI RESPEITCOISNENHUMA!
                Parsed: {'action': '', 'text': u'[PATRICI RESPEITCOISNENHUMA!', 'speaker': '', 'timestamp': ''}
WARNING: 
                CC: [PRICIA]U VOU  MOSTRAR.
                Parsed: {'action': '', 'text': u'[PRICIA]U VOU  MOSTRAR.', 'speaker': '', 'timestamp': ''}
WARNING: 
                CC: [MICHEL]STAVA SENDPRATICO.
                Parsed: {'action': '', 'text': u'[MICHEL]STAVA SENDPRATICO.', 'speaker': '', 'timestamp': ''}
WARNING: 
                CC: [PATCI TIRA ESS ISASDAQUI!
                Parsed: {'action': '', 'text': u'[PATCI TIRA ESS ISASDAQUI!', 'speaker': '', 'timestamp': ''}
WARNING: 
                CC: ICHEL] QUE V SAIR,
                Parsed: {'action': '', 'text': u'ICHEL] QUE V SAIR,', 'speaker': '', 'timestamp': ''}
WARNING: 
                CC: ATRIA]OJE AOITEGENTVAI SAIR.
                Parsed: {'action': '', 'text': u'ATRIA]OJE AOITEGENTVAI SAIR.', 'speaker': '', 'timestamp': ''}
WARNING: 
                CC: [MICHEL]A COESSE PAPO.
                Parsed: {'action': '', 'text': u'[MICHEL]A COESSE PAPO.', 'speaker': '', 'timestamp': ''}
WARNING: 
                CC: [THALES]OR QUE NAO ME CHAMOU?
                Parsed: {'action': '', 'text': u'[THALES]OR QUE NAO ME CHAMOU?', 'speaker': '', 'timestamp': ''}
WARNING: 
                CC: [NICOLE]U ACHEIQUE EU PODIAGUENTASOZINHA.
                Parsed: {'action': '', 'text': u'[NICOLE]U ACHEIQUE EU PODIAGUENTASOZINHA.', 'speaker': '', 'timestamp': ''}
WARNING: 
                CC: MADEU] LEILA!
                Parsed: {'action': '', 'text': u'MADEU] LEILA!', 'speaker': '', 'timestamp': ''}
WARNING: 
                CC: [ADE NDEESTA MAIS DO Q NA HORA LINDA IR NESSE PSICOLOGO.
                Parsed: {'action': '', 'text': u'[ADE NDEESTA MAIS DO Q NA HORA LINDA IR NESSE PSICOLOGO.', 'speaker': '', 'timestamp': ''}
WARNING: 
                CC: [ADEU]O,
                Parsed: {'action': '', 'text': u'[ADEU]O,', 'speaker': '', 'timestamp': ''}
WARNING: 
                CC: MADEU]EM,
                Parsed: {'action': '', 'text': u'MADEU]EM,', 'speaker': '', 'timestamp': ''}
WARNING: 
                CC: IN] VIDAVIDAN?
                Parsed: {'action': '', 'text': u'IN] VIDAVIDAN?', 'speaker': '', 'timestamp': ''}
WARNING: 
                CC: [LEILATHALES!
                Parsed: {'action': '', 'text': u'[LEILATHALES!', 'speaker': '', 'timestamp': ''}
WARNING: 
                CC: [TLES]EILA,
                Parsed: {'action': '', 'text': u'[TLES]EILA,', 'speaker': '', 'timestamp': ''}
WARNING: 
                CC: EI] AI,
                Parsed: {'action': '', 'text': u'EI] AI,', 'speaker': '', 'timestamp': ''}
WARNING: 
                CC: HALES] E ASSIMQUE VOCE VEM DNIZER ME AMA?
                Parsed: {'action': '', 'text': u'HALES] E ASSIMQUE VOCE VEM DNIZER ME AMA?', 'speaker': '', 'timestamp': ''}
WARNING: 
                CC: [CSAR]OCE NASE DEUNEM AO TRABALHO  VISSUA yç.
                Parsed: {'action': '', 'text': u'[CSAR]OCE NASE DEUNEM AO TRABALHO  VISSUA y\xe7.', 'speaker': '', 'timestamp': ''}
WARNING: 
                CC: SAR] AH,
                Parsed: {'action': '', 'text': u'SAR] AH,', 'speaker': '', 'timestamp': ''}
WARNING: 
                CC: [PxSCd  VOCE  QUERQUEU DIGA QUE O CAI MPDO PRA MIM..
                Parsed: {'action': '', 'text': u'[PxSCd  VOCE  QUERQUEU DIGA QUE O CAI MPDO PRA MIM..', 'speaker': '', 'timestamp': ''}
WARNING: 
                CC: [CESA AQULSEIRA COMPR P VOCE DE PRENTE,
                Parsed: {'action': '', 'text': u'[CESA AQULSEIRA COMPR P VOCE DE PRENTE,', 'speaker': '', 'timestamp': ''}
WARNING: 
                CC: [CEaq1R]?
                Parsed: {'action': '', 'text': u'[CEaq1R]?', 'speaker': '', 'timestamp': ''}
WARNING: 
                CC: qRISCILA] A÷éH ÷MEU DE!
                Parsed: {'action': '', 'text': u'qRISCILA] A\xf7\xe9H \xf7MEU DE!', 'speaker': '', 'timestamp': ''}
WARNING: 
                CC: [CESA AH,
                Parsed: {'action': '', 'text': u'[CESA AH,', 'speaker': '', 'timestamp': ''}
WARNING: 
                CC: ESAR] VOCE PODENAO RETAR,
                Parsed: {'action': '', 'text': u'ESAR] VOCE PODENAO RETAR,', 'speaker': '', 'timestamp': ''}
WARNING: 
                CC: [CESAR]O UMA PAIXAO,
                Parsed: {'action': '', 'text': u'[CESAR]O UMA PAIXAO,', 'speaker': '', 'timestamp': ''}
WARNING: 
                CC: [PSC ATE L,
                Parsed: {'action': '', 'text': u'[PSC ATE L,', 'speaker': '', 'timestamp': ''}
WARNING: 
                CC: ESAR] NAO!
                Parsed: {'action': '', 'text': u'ESAR] NAO!', 'speaker': '', 'timestamp': ''}
WARNING: 
                CC: [MP
                Parsed: {'action': '', 'text': u'[MP', 'speaker': '', 'timestamp': ''}
WARNING: 
                CC: ESAR] ANTEUATMUDESAGRADA
                Parsed: {'action': '', 'text': u'ESAR] ANTEUATMUDESAGRADA', 'speaker': '', 'timestamp': ''}
WARNING: 
                CC: ESAR]AO,
                Parsed: {'action': '', 'text': u'ESAR]AO,', 'speaker': '', 'timestamp': ''}
WARNING: 
                CC: [C NA A SITUACAO TAO TUMULTUADA NO SPITAL,
                Parsed: {'action': '', 'text': u'[C NA A SITUACAO TAO TUMULTUADA NO SPITAL,', 'speaker': '', 'timestamp': ''}
WARNING: 
                CC: LI] OM.
                Parsed: {'action': '', 'text': u'LI] OM.', 'speaker': '', 'timestamp': ''}
WARNING: 
                CC: [CESA VOCE MAR NUM FLAT?
                Parsed: {'action': '', 'text': u'[CESA VOCE MAR NUM FLAT?', 'speaker': '', 'timestamp': ''}
WARNING: 
                CC: INAL] AH,
                Parsed: {'action': '', 'text': u'INAL] AH,', 'speaker': '', 'timestamp': ''}
WARNING: 
                CC: [VALDIRENESOU NAMORADAAO,
                Parsed: {'action': '', 'text': u'[VALDIRENESOU NAMORADAAO,', 'speaker': '', 'timestamp': ''}
WARNING: 
                CC: ALFACE E QUEIJOAGORA ACUE E DE GRALDINE] QUE IS,
                Parsed: {'action': '', 'text': u'ALFACE E QUEIJOAGORA ACUE E DE GRALDINE] QUE IS,', 'speaker': '', 'timestamp': ''}
WARNING: 
                CC: INALDO] VOLTA AQUI!
                Parsed: {'action': '', 'text': u'INALDO] VOLTA AQUI!', 'speaker': '', 'timestamp': ''}
WARNING: 
                CC: ARTO] TRNO DO CONTHIS?
                Parsed: {'action': '', 'text': u'ARTO] TRNO DO CONTHIS?', 'speaker': '', 'timestamp': ''}
WARNING: 
                CC: DIRE] LHAC DEIEUE FAR UMA COA,
                Parsed: {'action': '', 'text': u'DIRE] LHAC DEIEUE FAR UMA COA,', 'speaker': '', 'timestamp': ''}
WARNING: 
                CC: [R QUEO,
                Parsed: {'action': '', 'text': u'[R QUEO,', 'speaker': '', 'timestamp': ''}
WARNING: 
                CC: ARC] ,
                Parsed: {'action': '', 'text': u'ARC] ,', 'speaker': '', 'timestamp': ''}
WARNING: 
                CC: ITA] PZER.
                Parsed: {'action': '', 'text': u'ITA] PZER.', 'speaker': '', 'timestamp': ''}
WARNING: 
                CC: [MARCAI,
                Parsed: {'action': '', 'text': u'[MARCAI,', 'speaker': '', 'timestamp': ''}
WARNING: 
                CC: [RNA.
                Parsed: {'action': '', 'text': u'[RNA.', 'speaker': '', 'timestamp': ''}
WARNING: 
                CC: AIA] EU SEI,
                Parsed: {'action': '', 'text': u'AIA] EU SEI,', 'speaker': '', 'timestamp': ''}
WARNING: 
                CC: s[RIT UAU!
                Parsed: {'action': '', 'text': u's[RIT UAU!', 'speaker': '', 'timestamp': ''}
WARNING: 
                CC: [SOS]RC] ASA NADGEwNTxfIL.
                Parsed: {'action': '', 'text': u'[SOS]RC] ASA NADGEwNTxfIL.', 'speaker': '', 'timestamp': ''}
WARNING: 
                CC: ARCIA] A x,
                Parsed: {'action': '', 'text': u'ARCIA] A x,', 'speaker': '', 'timestamp': ''}
WARNING: 
                CC: [RIT POIS E.
                Parsed: {'action': '', 'text': u'[RIT POIS E.', 'speaker': '', 'timestamp': ''}
WARNING: 
                CC: ARC]  THO..
                Parsed: {'action': '', 'text': u'ARC]  THO..', 'speaker': '', 'timestamp': ''}
WARNING: 
                CC: MINHA LHTUDO CEJADO ANTONDER HOT DOGO MEIO DA RU[R COMO E QUE VOCESONHERAAI,
                Parsed: {'action': '', 'text': u'MINHA LHTUDO CEJADO ANTONDER HOT DOGO MEIO DA RU[R COMO E QUE VOCESONHERAAI,', 'speaker': '', 'timestamp': ''}
WARNING: 
                CC: xARC] FOI M NAUA.
                Parsed: {'action': '', 'text': u'\x7fxARC] FOI M NAUA.', 'speaker': '', 'timestamp': ''}
WARNING: 
                CC: pñ[MARCIAE SABE PRA QUE QUE EUPEDI PRA QUE VOCE VIESSE AQUI?
                Parsed: {'action': '', 'text': u'p\xf1[MARCIAE SABE PRA QUE QUE EUPEDI PRA QUE VOCE VIESSE AQUI?', 'speaker': '', 'timestamp': ''}
WARNING: 
                CC: [RIT NAO,
                Parsed: {'action': '', 'text': u'[RIT NAO,', 'speaker': '', 'timestamp': ''}
WARNING: 
                CC: [ATILIO]DEI UM TAPAPRA HOMENAGEAR A BUNDA DELA.
                Parsed: {'action': '', 'text': u'[ATILIO]DEI UM TAPAPRA HOMENAGEAR A BUNDA DELA.', 'speaker': '', 'timestamp': ''}
WARNING: 
                CC: [JOANA]VOCES TEM QUE SER FORTES!
                Parsed: {'action': '', 'text': u'[JOANA]VOCES TEM QUE SER FORTES!', 'speaker': '', 'timestamp': ''}
WARNING: 
                CC: [NIKO]> NA VERDADE NO S SOMOS,
                Parsed: {'action': '', 'text': u'[NIKO]> NA VERDADE NO S SOMOS,', 'speaker': '', 'timestamp': ''}
WARNING: 
                CC: ERSEFONE] AI,
                Parsed: {'action': '', 'text': u'ERSEFONE] AI,', 'speaker': '', 'timestamp': ''}
WARNING: 
                CC: IKO] CLARO QUE ETOPO!
                Parsed: {'action': '', 'text': u'IKO] CLARO QUE ETOPO!', 'speaker': '', 'timestamp': ''}
WARNING: 
                CC: [ETH NAO GOSTO NADADO QUE TA ANTECENDO!
                Parsed: {'action': '', 'text': u'[ETH NAO GOSTO NADADO QUE TA ANTECENDO!', 'speaker': '', 'timestamp': ''}
DEBUG: Recuperando ultima arvore
DEBUG: SELECT "cc_mining_analysis"."id", "cc_mining_analysis"."tvshow_id" FROM "cc_mining_analysis" INNER JOIN "cc_mining_tvshow" ON ("cc_mining_analysis"."tvshow_id" = "cc_mining_tvshow"."id") WHERE ("cc_mining_tvshow"."pid_id" = 6  AND "cc_mining_analysis"."id" < 10 )
DEBUG: JSON inicial:
{u'nodes': {u'THAS': {}, u'PAR': {}, u'RAPAZ': {}, u'PRIA': {}, u'EDITH': {}, u'PILAR': {}, u'WAGNER': {}, u'MHEL': {}, u'MICL': {}, u'CARTO': {}, u'LUCIANO': {}, u'VDINE': {}, u'PIL': {}, u'PRICIA': {}, u'JOA': {}, u'PAULA': {}, u'PALOMA': {}, u'DENIZARD': {}, u'CARLI': {}, u'VDIRENE': {}, u'BERNARDA': {}, u'JOANA': {}, u'AMADEU': {}, u'PAULINHA': {}, u'KEILA': {}, u'LUTERO': {}, u'VALDIRE': {}, u'PSEFONE': {}, u'ERON': {}, u'RINALDO': {}, u'SIMONE': {}, u'NEIDE': {}, u'JUNTOS': {}, u'TAMARA': {}, u'LUTO': {}, u'LDA': {}, u'PATCIA': {}, u'THALES': {}, u'VALRENE': {}, u'PATRICIA': {}, u'DELEGADO': {}, u'VINICIUS': {}, u'CER': {}, u'SIRLANGE': {}, u'C': {}, u'ATILIO': {}, u'HOMEM': {}, u'ANE': {}, u'ALINE': {}, u'CARLITO': {}, u'SE': {}, u'AMARILYS': {}, u'CICA': {}, u'LEILA': {}, u'CTO': {}, u'VALDINE': {}, u'VALENTIN': {}, u'FELIX': {}, u'GARCOM': {}, u'NINHO': {}, u'FEX': {}, u'POLICIAL': {}, u'MULHER': {}, u'LEI': {}, u'BRU': {}, u'ENTREGADOR': {}, u'VALDIRENE': {}, u'DANL': {}, u'PORTEIRO': {}, u'MICHEL': {}, u'GENTIL': {}, u'PATA': {}, u'BRUNO': {}, u'MARCIA': {}, u'NICOLE': {}, u'CESAR': {}, u'LIDIA': {}, u'GINA': {}, u'JQUES': {}, u'SIME': {}, u'ORDALIA': {}, u'JACQUES': {}, u'ROGERIO': {}, u'MACIEL': {}, u'NIKO': {}, u'PERSEFONE': {}, u'AMALYS': {}, u'GIGI': {}, u'PCIA': {}}, u'edges': {u'ERON': {u'HOMEM': {u'n': 8}}, u'GENTIL': {u'VALDIRENE': {u'n': 6}, u'MARCIA': {u'n': 6}}, u'EDITH': {u'FELIX': {u'n': 14}}, u'PILAR': {u'VINICIUS': {u'n': 8}, u'WAGNER': {u'n': 4}, u'SIRLANGE': {u'n': 12}}, u'CICA': {u'FELIX': {u'n': 6}, u'LUTERO': {u'n': 4}}, u'HOMEM': {u'NIKO': {u'n': 12}, u'MARCIA': {u'n': 34}}, u'ENTREGADOR': {u'PATRICIA': {u'n': 8}}, u'RINALDO': {u'VALDIRENE': {u'n': 10}}, u'LEILA': {u'THAS': {u'n': 8}, u'PIL': {u'n': 4}, u'THALES': {u'n': 106}, u'PILAR': {u'n': 34}, u'NEIDE': {u'n': 20}, u'NICOLE': {u'n': 4}}, u'BRUNO': {u'GINA': {u'n': 6}, u'PILAR': {u'n': 10}, u'ORDALIA': {u'n': 10}, u'PAULINHA': {u'n': 8}, u'LUTERO': {u'n': 6}, u'PALOMA': {u'n': 42}, u'DENIZARD': {u'n': 4}, u'CESAR': {u'n': 6}, u'NINHO': {u'n': 30}, u'PAULA': {u'n': 6}}, u'NICOLE': {u'VINICIUS': {u'n': 12}, u'THALES': {u'n': 8}, u'PILAR': {u'n': 10}, u'ROGERIO': {u'n': 58}}, u'MARCIA': {u'VALDIRENE': {u'n': 124}, u'VDIRENE': {u'n': 4}}, u'FELIX': {u'PILAR': {u'n': 40}, u'SIMONE': {u'n': 12}, u'SIME': {u'n': 6}, u'TAMARA': {u'n': 6}, u'NINHO': {u'n': 24}, u'JACQUES': {u'n': 56}}, u'PATRICIA': {u'PORTEIRO': {u'n': 10}}, u'DELEGADO': {u'VALDIRENE': {u'n': 6}, u'MARCIA': {u'n': 24}}, u'CER': {u'PILAR': {u'n': 4}}, u'PALOMA': {u'PAULA': {u'n': 18}}, u'DENIZARD': {u'RINALDO': {u'n': 22}, u'VALDIRENE': {u'n': 4}, u'ORDALIA': {u'n': 8}, u'PILAR': {u'n': 14}, u'LUTERO': {u'n': 4}}, u'CESAR': {u'LUCIANO': {u'n': 4}, u'TAMARA': {u'n': 3}, u'FELIX': {u'n': 4}, u'ORDALIA': {u'n': 4}, u'PILAR': {u'n': 28}}, u'NINHO': {u'VALENTIN': {u'n': 8}, u'TAMARA': {u'n': 4}, u'PILAR': {u'n': 32}, u'ORDALIA': {u'n': 3}, u'PALOMA': {u'n': 34}}, u'BERNARDA': {u'FELIX': {u'n': 10}, u'EDITH': {u'n': 4}, u'PILAR': {u'n': 30}, u'WAGNER': {u'n': 4}, u'LEILA': {u'n': 8}, u'DENIZARD': {u'n': 4}, u'CESAR': {u'n': 4}}, u'LIDIA': {u'NICOLE': {u'n': 20}}, u'GINA': {u'ORDALIA': {u'n': 8}}, u'JOANA': {u'LUTERO': {u'n': 14}}, u'AMADEU': {u'PILAR': {u'n': 4}, u'FELIX': {u'n': 6}}, u'ATILIO': {u'VALDIRENE': {u'n': 4}, u'MARCIA': {u'n': 40}}, u'ORDALIA': {u'PILAR': {u'n': 10}, u'PALOMA': {u'n': 16}, u'PAULINHA': {u'n': 4}}, u'FEX': {u'SIMONE': {u'n': 6}}, u'JACQUES': {u'JQUES': {u'n': 4}, u'PILAR': {u'n': 4}, u'LUTERO': {u'n': 16}}, u'ANE': {u'CESAR': {u'n': 8}}, u'POLICIAL': {u'VALDIRENE': {u'n': 8}}, u'ALINE': {u'PILAR': {u'n': 18}, u'CESAR': {u'n': 72}}, u'KEILA': {u'VALDIRENE': {u'n': 36}}, u'LUTERO': {u'ORDALIA': {u'n': 8}, u'PATRICIA': {u'n': 4}, u'PALOMA': {u'n': 26}}, u'CARLITO': {u'RINALDO': {u'n': 8}, u'VALDIRENE': {u'n': 28}, u'GENTIL': {u'n': 8}, u'DENIZARD': {u'n': 14}, u'MARCIA': {u'n': 6}}, u'AMARILYS': {u'FELIX': {u'n': 36}, u'CICA': {u'n': 4}, u'PATRICIA': {u'n': 4}, u'LUTERO': {u'n': 4}, u'BRUNO': {u'n': 16}, u'PALOMA': {u'n': 85}, u'ORDALIA': {u'n': 10}, u'NIKO': {u'n': 8}, u'FEX': {u'n': 4}}, u'MICHEL': {u'PATRICIA': {u'n': 30}, u'PATCIA': {u'n': 4}}}}
DEBUG: Pesquisando relacionamento entre CARLITO e VDIRENE...
DEBUG: O CARLITO tem os seguintes relacionamentos: {u'RINALDO': {u'n': 8}, u'VALDIRENE': {u'n': 28}, u'GENTIL': {u'n': 8}, u'DENIZARD': {u'n': 14}, u'MARCIA': {u'n': 6}}
DEBUG: Pesquisando relacionamento entre NICOLE e THALES...
DEBUG: O NICOLE tem os seguintes relacionamentos: {u'VINICIUS': {u'n': 12}, u'THALES': {u'n': 8}, u'PILAR': {u'n': 10}, u'ROGERIO': {u'n': 58}}
DEBUG: Incrementando relacionamento entre NICOLE e THALES: de 8 para 24
DEBUG: Arvore nao contem LEI
DEBUG: Pesquisando relacionamento entre LEI e NEIDE...
DEBUG: O LEI tem os seguintes relacionamentos: {}
DEBUG: Arvore nao contem ADONIRAM
DEBUG: Pesquisando relacionamento entre ADONIRAM e NIKO...
DEBUG: O ADONIRAM tem os seguintes relacionamentos: {}
DEBUG: Pesquisando relacionamento entre FELIX e PILAR...
DEBUG: O FELIX tem os seguintes relacionamentos: {u'PILAR': {u'n': 40}, u'SIMONE': {u'n': 12}, u'SIME': {u'n': 6}, u'TAMARA': {u'n': 6}, u'NINHO': {u'n': 24}, u'JACQUES': {u'n': 56}}
DEBUG: Incrementando relacionamento entre FELIX e PILAR: de 40 para 64
DEBUG: Arvore nao contem NIKO
DEBUG: Pesquisando relacionamento entre NIKO e PRICIA...
DEBUG: O NIKO tem os seguintes relacionamentos: {}
DEBUG: Pesquisando relacionamento entre DENIZARD e FELIX...
DEBUG: O DENIZARD tem os seguintes relacionamentos: {u'RINALDO': {u'n': 22}, u'VALDIRENE': {u'n': 4}, u'ORDALIA': {u'n': 8}, u'PILAR': {u'n': 14}, u'LUTERO': {u'n': 4}}
DEBUG: Arvore nao contem NEI
DEBUG: Pesquisando relacionamento entre NEI e NEIDE...
DEBUG: O NEI tem os seguintes relacionamentos: {}
DEBUG: Pesquisando relacionamento entre ATILIO e RITA...
DEBUG: O ATILIO tem os seguintes relacionamentos: {u'VALDIRENE': {u'n': 4}, u'MARCIA': {u'n': 40}}
DEBUG: Pesquisando relacionamento entre CESAR e PILAR...
DEBUG: O CESAR tem os seguintes relacionamentos: {u'LUCIANO': {u'n': 4}, u'TAMARA': {u'n': 3}, u'FELIX': {u'n': 4}, u'ORDALIA': {u'n': 4}, u'PILAR': {u'n': 28}}
DEBUG: Incrementando relacionamento entre CESAR e PILAR: de 28 para 32
DEBUG: Pesquisando relacionamento entre AMADEU e LEILA...
DEBUG: O AMADEU tem os seguintes relacionamentos: {u'PILAR': {u'n': 4}, u'FELIX': {u'n': 6}}
DEBUG: Pesquisando relacionamento entre NIKO e PATRICIA...
DEBUG: O NIKO tem os seguintes relacionamentos: {'PRICIA': {'n': 6}}
DEBUG: Pesquisando relacionamento entre BERNARDA e PILAR...
DEBUG: O BERNARDA tem os seguintes relacionamentos: {u'FELIX': {u'n': 10}, u'EDITH': {u'n': 4}, u'PILAR': {u'n': 30}, u'WAGNER': {u'n': 4}, u'LEILA': {u'n': 8}, u'DENIZARD': {u'n': 4}, u'CESAR': {u'n': 4}}
DEBUG: Incrementando relacionamento entre BERNARDA e PILAR: de 30 para 40
DEBUG: Pesquisando relacionamento entre LEILA e NEIDE...
DEBUG: O LEILA tem os seguintes relacionamentos: {u'THAS': {u'n': 8}, u'PIL': {u'n': 4}, u'THALES': {u'n': 106}, u'PILAR': {u'n': 34}, u'NEIDE': {u'n': 20}, u'NICOLE': {u'n': 4}}
DEBUG: Incrementando relacionamento entre LEILA e NEIDE: de 20 para 24
DEBUG: Pesquisando relacionamento entre ATILIO e MARCIA...
DEBUG: O ATILIO tem os seguintes relacionamentos: {u'VALDIRENE': {u'n': 4}, 'RITA': {'n': 4}, u'MARCIA': {u'n': 40}}
DEBUG: Incrementando relacionamento entre ATILIO e MARCIA: de 40 para 52
DEBUG: Pesquisando relacionamento entre DENIZARD e ORDALIA...
DEBUG: O DENIZARD tem os seguintes relacionamentos: {u'PILAR': {u'n': 14}, 'FELIX': {'n': 4}, u'LUTERO': {u'n': 4}, u'RINALDO': {u'n': 22}, u'VALDIRENE': {u'n': 4}, u'ORDALIA': {u'n': 8}}
DEBUG: Incrementando relacionamento entre DENIZARD e ORDALIA: de 8 para 16
DEBUG: Pesquisando relacionamento entre FELIX e TAMARA...
DEBUG: O FELIX tem os seguintes relacionamentos: {u'PILAR': {'n': 64}, u'SIMONE': {u'n': 12}, u'SIME': {u'n': 6}, u'TAMARA': {u'n': 6}, u'NINHO': {u'n': 24}, u'JACQUES': {u'n': 56}}
DEBUG: Incrementando relacionamento entre FELIX e TAMARA: de 6 para 16
DEBUG: Pesquisando relacionamento entre AMARILYS e NINHO...
DEBUG: O AMARILYS tem os seguintes relacionamentos: {u'FELIX': {u'n': 36}, u'CICA': {u'n': 4}, u'PATRICIA': {u'n': 4}, u'LUTERO': {u'n': 4}, u'BRUNO': {u'n': 16}, u'PALOMA': {u'n': 85}, u'ORDALIA': {u'n': 10}, u'NIKO': {u'n': 8}, u'FEX': {u'n': 4}}
DEBUG: Arvore nao contem PERSENE
DEBUG: Pesquisando relacionamento entre PERSENE e RENAN...
DEBUG: O PERSENE tem os seguintes relacionamentos: {}
DEBUG: Pesquisando relacionamento entre BERNARDA e FELIX...
DEBUG: O BERNARDA tem os seguintes relacionamentos: {u'FELIX': {u'n': 10}, u'EDITH': {u'n': 4}, u'PILAR': {'n': 40}, u'WAGNER': {u'n': 4}, u'LEILA': {u'n': 8}, u'DENIZARD': {u'n': 4}, u'CESAR': {u'n': 4}}
DEBUG: Incrementando relacionamento entre BERNARDA e FELIX: de 10 para 16
DEBUG: Pesquisando relacionamento entre ALINE e CESAR...
DEBUG: O ALINE tem os seguintes relacionamentos: {u'PILAR': {u'n': 18}, u'CESAR': {u'n': 72}}
DEBUG: Incrementando relacionamento entre ALINE e CESAR: de 72 para 84
DEBUG: Arvore nao contem FLIX
DEBUG: Pesquisando relacionamento entre FLIX e TAMARA...
DEBUG: O FLIX tem os seguintes relacionamentos: {}
DEBUG: Pesquisando relacionamento entre CESAR e PRISCILA...
DEBUG: O CESAR tem os seguintes relacionamentos: {u'LUCIANO': {u'n': 4}, u'TAMARA': {u'n': 3}, u'FELIX': {u'n': 4}, u'ORDALIA': {u'n': 4}, u'PILAR': {'n': 32}}
DEBUG: Arvore nao contem DANIEL
DEBUG: Pesquisando relacionamento entre DANIEL e MICL...
DEBUG: O DANIEL tem os seguintes relacionamentos: {}
DEBUG: Arvore nao contem MARC
DEBUG: Pesquisando relacionamento entre MARC e RITA...
DEBUG: O MARC tem os seguintes relacionamentos: {}
DEBUG: Pesquisando relacionamento entre NINHO e VALENTIN...
DEBUG: O NINHO tem os seguintes relacionamentos: {u'VALENTIN': {u'n': 8}, u'TAMARA': {u'n': 4}, u'PILAR': {u'n': 32}, u'ORDALIA': {u'n': 3}, u'PALOMA': {u'n': 34}}
DEBUG: Incrementando relacionamento entre NINHO e VALENTIN: de 8 para 20
DEBUG: Pesquisando relacionamento entre LIDIA e THALES...
DEBUG: O LIDIA tem os seguintes relacionamentos: {u'NICOLE': {u'n': 20}}
DEBUG: Arvore nao contem PERSEFONE
DEBUG: Pesquisando relacionamento entre PERSEFONE e VIVIAN...
DEBUG: O PERSEFONE tem os seguintes relacionamentos: {}
DEBUG: Arvore nao contem DIZD
DEBUG: Pesquisando relacionamento entre DIZD e ORDALIA...
DEBUG: O DIZD tem os seguintes relacionamentos: {}
DEBUG: Pesquisando relacionamento entre ERON e NIKO...
DEBUG: O ERON tem os seguintes relacionamentos: {u'HOMEM': {u'n': 8}}
DEBUG: Arvore nao contem MHEL
DEBUG: Pesquisando relacionamento entre MHEL e PATRICIA...
DEBUG: O MHEL tem os seguintes relacionamentos: {}
DEBUG: Arvore nao contem MRCIA
DEBUG: Pesquisando relacionamento entre MRCIA e RITA...
DEBUG: O MRCIA tem os seguintes relacionamentos: {}
DEBUG: Pesquisando relacionamento entre DANIEL e ELENICE...
DEBUG: O DANIEL tem os seguintes relacionamentos: {'MICL': {'n': 4}}
DEBUG: Pesquisando relacionamento entre BRUNO e DENIZARD...
DEBUG: O BRUNO tem os seguintes relacionamentos: {u'GINA': {u'n': 6}, u'PILAR': {u'n': 10}, u'ORDALIA': {u'n': 10}, u'PAULINHA': {u'n': 8}, u'LUTERO': {u'n': 6}, u'PALOMA': {u'n': 42}, u'DENIZARD': {u'n': 4}, u'CESAR': {u'n': 6}, u'NINHO': {u'n': 30}, u'PAULA': {u'n': 6}}
DEBUG: Incrementando relacionamento entre BRUNO e DENIZARD: de 4 para 8
DEBUG: Pesquisando relacionamento entre MICHEL e PRIA...
DEBUG: O MICHEL tem os seguintes relacionamentos: {u'PATRICIA': {u'n': 30}, u'PATCIA': {u'n': 4}}
DEBUG: Pesquisando relacionamento entre CARLITO e VALRENE...
DEBUG: O CARLITO tem os seguintes relacionamentos: {u'GENTIL': {u'n': 8}, u'MARCIA': {u'n': 6}, u'RINALDO': {u'n': 8}, u'VALDIRENE': {u'n': 28}, u'DENIZARD': {u'n': 14}, 'VDIRENE': {'n': 4}}
DEBUG: Pesquisando relacionamento entre BERNARDA e CESAR...
DEBUG: O BERNARDA tem os seguintes relacionamentos: {u'FELIX': {'n': 16}, u'EDITH': {u'n': 4}, u'PILAR': {'n': 40}, u'WAGNER': {u'n': 4}, u'LEILA': {u'n': 8}, u'DENIZARD': {u'n': 4}, u'CESAR': {u'n': 4}}
DEBUG: Incrementando relacionamento entre BERNARDA e CESAR: de 4 para 8
DEBUG: Pesquisando relacionamento entre EDITH e TAMARA...
DEBUG: O EDITH tem os seguintes relacionamentos: {u'FELIX': {u'n': 14}}
DEBUG: Pesquisando relacionamento entre AMADEU e NEIDE...
DEBUG: O AMADEU tem os seguintes relacionamentos: {u'PILAR': {u'n': 4}, 'LEILA': {'n': 4}, u'FELIX': {u'n': 6}}
DEBUG: Pesquisando relacionamento entre ERON e PATRICIA...
DEBUG: O ERON tem os seguintes relacionamentos: {'NIKO': {'n': 6}, u'HOMEM': {u'n': 8}}
DEBUG: Pesquisando relacionamento entre BRUNO e GLAUCE...
DEBUG: O BRUNO tem os seguintes relacionamentos: {u'GINA': {u'n': 6}, u'PILAR': {u'n': 10}, u'ORDALIA': {u'n': 10}, u'PAULINHA': {u'n': 8}, u'LUTERO': {u'n': 6}, u'PALOMA': {u'n': 42}, u'DENIZARD': {'n': 8}, u'CESAR': {u'n': 6}, u'NINHO': {u'n': 30}, u'PAULA': {u'n': 6}}
DEBUG: Pesquisando relacionamento entre MICHEL e PATRICIA...
DEBUG: O MICHEL tem os seguintes relacionamentos: {'PRIA': {'n': 4}, u'PATRICIA': {u'n': 30}, u'PATCIA': {u'n': 4}}
DEBUG: Incrementando relacionamento entre MICHEL e PATRICIA: de 30 para 46
DEBUG: Pesquisando relacionamento entre NICOLE e THAS...
DEBUG: O NICOLE tem os seguintes relacionamentos: {u'VINICIUS': {u'n': 12}, u'THALES': {'n': 24}, u'PILAR': {u'n': 10}, u'ROGERIO': {u'n': 58}}
DEBUG: Arvore nao contem ELENICE
DEBUG: Pesquisando relacionamento entre ELENICE e MICHEL...
DEBUG: O ELENICE tem os seguintes relacionamentos: {}
DEBUG: Pesquisando relacionamento entre DANIEL e MICHEL...
DEBUG: O DANIEL tem os seguintes relacionamentos: {'ELENICE': {'n': 4}, 'MICL': {'n': 4}}
DEBUG: Pesquisando relacionamento entre CARLITO e VALDIRENE...
DEBUG: O CARLITO tem os seguintes relacionamentos: {u'GENTIL': {u'n': 8}, u'MARCIA': {u'n': 6}, 'VALRENE': {'n': 4}, u'RINALDO': {u'n': 8}, u'VALDIRENE': {u'n': 28}, u'DENIZARD': {u'n': 14}, 'VDIRENE': {'n': 4}}
DEBUG: Incrementando relacionamento entre CARLITO e VALDIRENE: de 28 para 32
DEBUG: Pesquisando relacionamento entre PERSEFONE e RENAN...
DEBUG: O PERSEFONE tem os seguintes relacionamentos: {'VIVIAN': {'n': 6}}
DEBUG: Pesquisando relacionamento entre MICHEL e PORTEIRO...
DEBUG: O MICHEL tem os seguintes relacionamentos: {'PRIA': {'n': 4}, u'PATRICIA': {'n': 46}, u'PATCIA': {u'n': 4}}
DEBUG: Pesquisando relacionamento entre BRUNO e LUTO...
DEBUG: O BRUNO tem os seguintes relacionamentos: {u'GINA': {u'n': 6}, 'GLAUCE': {'n': 4}, u'PILAR': {u'n': 10}, u'ORDALIA': {u'n': 10}, u'PAULINHA': {u'n': 8}, u'LUTERO': {u'n': 6}, u'PALOMA': {u'n': 42}, u'DENIZARD': {'n': 8}, u'CESAR': {u'n': 6}, u'NINHO': {u'n': 30}, u'PAULA': {u'n': 6}}
DEBUG: Pesquisando relacionamento entre EDITH e FELIX...
DEBUG: O EDITH tem os seguintes relacionamentos: {'TAMARA': {'n': 6}, u'FELIX': {u'n': 14}}
DEBUG: Incrementando relacionamento entre EDITH e FELIX: de 14 para 38
DEBUG: Pesquisando relacionamento entre DENIZARD e ORDAA...
DEBUG: O DENIZARD tem os seguintes relacionamentos: {u'PILAR': {u'n': 14}, 'FELIX': {'n': 4}, u'LUTERO': {u'n': 4}, u'RINALDO': {u'n': 22}, u'VALDIRENE': {u'n': 4}, u'ORDALIA': {'n': 16}}
DEBUG: Pesquisando relacionamento entre BRUNO e ORDALIA...
DEBUG: O BRUNO tem os seguintes relacionamentos: {u'GINA': {u'n': 6}, 'GLAUCE': {'n': 4}, u'PILAR': {u'n': 10}, u'ORDALIA': {u'n': 10}, u'PAULINHA': {u'n': 8}, u'LUTERO': {u'n': 6}, 'LUTO': {'n': 4}, u'PALOMA': {u'n': 42}, u'DENIZARD': {'n': 8}, u'CESAR': {u'n': 6}, u'NINHO': {u'n': 30}, u'PAULA': {u'n': 6}}
DEBUG: Incrementando relacionamento entre BRUNO e ORDALIA: de 10 para 14
DEBUG: Pesquisando relacionamento entre MARCIA e RITA...
DEBUG: O MARCIA tem os seguintes relacionamentos: {u'VALDIRENE': {u'n': 124}, u'VDIRENE': {u'n': 4}}
DEBUG: Pesquisando relacionamento entre BRUNO e JOANA...
DEBUG: O BRUNO tem os seguintes relacionamentos: {u'GINA': {u'n': 6}, 'GLAUCE': {'n': 4}, u'PILAR': {u'n': 10}, u'ORDALIA': {'n': 14}, u'PAULINHA': {u'n': 8}, u'LUTERO': {u'n': 6}, 'LUTO': {'n': 4}, u'PALOMA': {u'n': 42}, u'DENIZARD': {'n': 8}, u'CESAR': {u'n': 6}, u'NINHO': {u'n': 30}, u'PAULA': {u'n': 6}}
INFO: Relations:
Counter({(u'AMARILYS', u'NINHO'): 50, (u'MARCIA', u'RITA'): 44, (u'NIKO', u'PATRICIA'): 30, (u'FELIX', u'PILAR'): 24, (u'ERON', u'PATRICIA'): 24, (u'EDITH', u'FELIX'): 24, (u'PERSEFONE', u'RENAN'): 18, (u'NICOLE', u'THALES'): 16, (u'MICHEL', u'PATRICIA'): 16, (u'DANIEL', u'MICHEL'): 14, (u'ATILIO', u'MARCIA'): 12, (u'ALINE', u'CESAR'): 12, (u'NINHO', u'VALENTIN'): 12, (u'ELENICE', u'MICHEL'): 12, (u'BERNARDA', u'PILAR'): 10, (u'FELIX', u'TAMARA'): 10, (u'PERSENE', u'RENAN'): 10, (u'DENIZARD', u'ORDALIA'): 8, (u'MARC', u'RITA'): 8, (u'FELIX', u'FELIX'): 8, (u'NICOLE', u'THAS'): 8, (u'NIKO', u'PRICIA'): 6, (u'BERNARDA', u'FELIX'): 6, (u'PATRICIA', u'PATRICIA'): 6, (u'CESAR', u'PRISCILA'): 6, (u'PERSEFONE', u'VIVIAN'): 6, (u'ERON', u'NIKO'): 6, (u'EDITH', u'TAMARA'): 6, (u'MICHEL', u'PORTEIRO'): 6, (u'CARLITO', u'VDIRENE'): 4, (u'LEI', u'NEIDE'): 4, (u'ADONIRAM', u'NIKO'): 4, (u'DENIZARD', u'FELIX'): 4, (u'NEI', u'NEIDE'): 4, (u'ATILIO', u'RITA'): 4, (u'CESAR', u'PILAR'): 4, (u'AMADEU', u'LEILA'): 4, (u'LEILA', u'NEIDE'): 4, (u'MICHEL', u'MICHEL'): 4, (u'FLIX', u'TAMARA'): 4, (u'DANIEL', u'MICL'): 4, (u'LIDIA', u'THALES'): 4, (u'DIZD', u'ORDALIA'): 4, (u'MHEL', u'PATRICIA'): 4, (u'MRCIA', u'RITA'): 4, (u'DANIEL', u'ELENICE'): 4, (u'BRUNO', u'DENIZARD'): 4, (u'MICHEL', u'PRIA'): 4, (u'CARLITO', u'VALRENE'): 4, (u'BERNARDA', u'CESAR'): 4, (u'AMADEU', u'NEIDE'): 4, (u'BRUNO', u'GLAUCE'): 4, (u'CARLITO', u'VALDIRENE'): 4, (u'BRUNO', u'LUTO'): 4, (u'DENIZARD', u'ORDAA'): 4, (u'BRUNO', u'ORDALIA'): 4, (u'PRISCILA', u'PRISCILA'): 4, (u'BRUNO', u'JOANA'): 4, (u'LUTERO', u'PATRICIA'): 2, (u'PILAR', u'PILAR'): 2, (u'MICHEL', u'PERSEFONE'): 2, (u'NIKO', u'VIVIAN'): 2, (u'GINA', u'NIVALDO'): 2, (u'BERNAA', u'PILAR'): 2, (u'ADONIRAM', u'PRICIA'): 2, (u'DENIZARD', u'LUTO'): 2, (u'ERON', u'ERON'): 2, (u'MARCIA', u'MARCIA'): 2, (u'CICA', u'ORDLIA'): 2, (u'PATRICIA', u'RENAN'): 2, (u'ORDALIA', u'PATRICIA'): 2, (u'ALINE', u'PRISCILA'): 2, (u'MICL', u'PATRICIA'): 2, (u'CARLITO', u'CARLITO'): 2, (u'ORDALIA', u'PERSEFONE'): 2, (u'DENIZARD', u'GINA'): 2, (u'FLIX', u'ORDLIA'): 2, (u'DENIZD', u'ORDALIA'): 2, (u'NINHO', u'PILAR'): 2, (u'AMADEU', u'LIN'): 2, (u'BERNARDA', u'PIL'): 2, (u'BERNAA', u'LUTERO'): 2, (u'PATRICIA', u'PERSEFONE'): 2, (u'NO', u'PATRICIA'): 2, (u'EDITH', u'FEX'): 2, (u'CARLI', u'VALDIRENE'): 2, (u'DENIZARD', u'LERO'): 2, (u'BRUNO', u'LERO'): 2, (u'CARLITO', u'VALDIRE'): 2, (u'FELIX', u'TAMA'): 2, (u'DENIZARD', u'DENIZARD'): 2, (u'CARLITO', u'RINALDO'): 2, (u'DENIZARD', u'PILAR'): 2, (u'DENIZD', u'PILAR'): 2, (u'NINHO', u'PALOMA'): 2, (u'CICA', u'LUTO'): 2, (u'MICL', u'PORTEIRO'): 2, (u'AMADEU', u'LINDA'): 2, (u'CARTO', u'RINALDO'): 2, (u'GLAUCE', u'LUTO'): 2, (u'NEIDE', u'NICOLE'): 2, (u'CR', u'PILGA'): 2, (u'CESAR', u'PILGA'): 2, (u'AMARILYS', u'PALOMA'): 2, (u'LLA', u'THALES'): 2, (u'EDITH', u'TAMA'): 2, (u'PERFONE', u'RENAN'): 2, (u'CR', u'PRISCILA'): 2, (u'GINA', u'PIL'): 2, (u'LINDA', u'NEIDE'): 2, (u'EDITH', u'PILAR'): 2, (u'MICHEL', u'NIKO'): 2, (u'DENIZARD', u'NIVALDO'): 2, (u'BRUNO', u'NIVALDO'): 2, (u'LIDIA', u'NICOLE'): 2, (u'LERO', u'LUTO'): 2, (u'AMARILYS', u'NIN'): 2, (u'NIVALDO', u'ORDALIA'): 2, (u'ALINE', u'ALINE'): 2, (u'NEIDE', u'NEIDE'): 2, (u'CER', u'PRISCILA'): 2, (u'FELIX', u'PERSEFONE'): 2, (u'DANIEL', u'PATRICIA'): 2, (u'LIDIA', u'MICHEL'): 2, (u'FLIX', u'PILAR'): 2, (u'BERNARDA', u'DENIZARD'): 2, (u'NIKO', u'NO'): 2, (u'ALI', u'VALDIRE'): 2, (u'MHEL', u'PRICIA'): 2, (u'PERFONE', u'REN'): 2, (u'ORDALIA', u'PERNE'): 2, (u'ERON', u'PATRIA'): 2, (u'LERO', u'LUTERO'): 2, (u'PATRICIA', u'PERNE'): 2, (u'FEX', u'PILAR'): 2, (u'NIKO', u'PATRIA'): 2, (u'PERSENE', u'REN'): 2, (u'CER', u'LLA'): 2, (u'VALDIRENE', u'VALRENE'): 2, (u'VALDIRE', u'VALRENE'): 2, (u'RITA', u'RITA'): 2, (u'MICL', u'PRICIA'): 2, (u'CARLI', u'MARCIA'): 2, (u'BRU', u'ORDALIA'): 2, (u'MARCIA', u'NINHO'): 2, (u'LIN', u'THALES'): 2, (u'ADONIRAM', u'PATRICIA'): 2, (u'BRU', u'GLAUCE'): 2, (u'GINA', u'NIN'): 2, (u'MHEL', u'MICHEL'): 2, (u'ALI', u'ALINE'): 2, (u'MICL', u'NIKO'): 2, (u'CARTO', u'VALDIRE'): 2, (u'LUTERO', u'PALOMA'): 1})
INFO: Arvore:
{u'edges': {'ADONIRAM': {'NIKO': {'n': 4}},
            u'ALINE': {u'CESAR': {'n': 84},
                       u'PILAR': {u'n': 18}},
            u'AMADEU': {u'FELIX': {u'n': 6},
                        'LEILA': {'n': 4},
                        'NEIDE': {'n': 4},
                        u'PILAR': {u'n': 4}},
            u'AMARILYS': {u'BRUNO': {u'n': 16},
                          u'CICA': {u'n': 4},
                          u'FELIX': {u'n': 36},
                          u'FEX': {u'n': 4},
                          u'LUTERO': {u'n': 4},
                          u'NIKO': {u'n': 8},
                          'NINHO': {'n': 50},
                          u'ORDALIA': {u'n': 10},
                          u'PALOMA': {u'n': 85},
                          u'PATRICIA': {u'n': 4}},
            u'ANE': {u'CESAR': {u'n': 8}},
            u'ATILIO': {u'MARCIA': {'n': 52},
                        'RITA': {'n': 4},
                        u'VALDIRENE': {u'n': 4}},
            u'BERNARDA': {u'CESAR': {'n': 8},
                          u'DENIZARD': {u'n': 4},
                          u'EDITH': {u'n': 4},
                          u'FELIX': {'n': 16},
                          u'LEILA': {u'n': 8},
                          u'PILAR': {'n': 40},
                          u'WAGNER': {u'n': 4}},
            u'BRUNO': {u'CESAR': {u'n': 6},
                       u'DENIZARD': {'n': 8},
                       u'GINA': {u'n': 6},
                       'GLAUCE': {'n': 4},
                       'JOANA': {'n': 4},
                       u'LUTERO': {u'n': 6},
                       'LUTO': {'n': 4},
                       u'NINHO': {u'n': 30},
                       u'ORDALIA': {'n': 14},
                       u'PALOMA': {u'n': 42},
                       u'PAULA': {u'n': 6},
                       u'PAULINHA': {u'n': 8},
                       u'PILAR': {u'n': 10}},
            u'CARLITO': {u'DENIZARD': {u'n': 14},
                         u'GENTIL': {u'n': 8},
                         u'MARCIA': {u'n': 6},
                         u'RINALDO': {u'n': 8},
                         u'VALDIRENE': {'n': 32},
                         'VALRENE': {'n': 4},
                         'VDIRENE': {'n': 4}},
            u'CER': {u'PILAR': {u'n': 4}},
            u'CESAR': {u'FELIX': {u'n': 4},
                       u'LUCIANO': {u'n': 4},
                       u'ORDALIA': {u'n': 4},
                       u'PILAR': {'n': 32},
                       'PRISCILA': {'n': 6},
                       u'TAMARA': {u'n': 3}},
            u'CICA': {u'FELIX': {u'n': 6},
                      u'LUTERO': {u'n': 4}},
            'DANIEL': {'ELENICE': {'n': 4},
                       'MICHEL': {'n': 14},
                       'MICL': {'n': 4}},
            u'DELEGADO': {u'MARCIA': {u'n': 24},
                          u'VALDIRENE': {u'n': 6}},
            u'DENIZARD': {'FELIX': {'n': 4},
                          u'LUTERO': {u'n': 4},
                          'ORDAA': {'n': 4},
                          u'ORDALIA': {'n': 16},
                          u'PILAR': {u'n': 14},
                          u'RINALDO': {u'n': 22},
                          u'VALDIRENE': {u'n': 4}},
            'DIZD': {'ORDALIA': {'n': 4}},
            u'EDITH': {u'FELIX': {'n': 38},
                       'TAMARA': {'n': 6}},
            'ELENICE': {'MICHEL': {'n': 12}},
            u'ENTREGADOR': {u'PATRICIA': {u'n': 8}},
            u'ERON': {u'HOMEM': {u'n': 8},
                      'NIKO': {'n': 6},
                      'PATRICIA': {'n': 24}},
            u'FELIX': {u'JACQUES': {u'n': 56},
                       u'NINHO': {u'n': 24},
                       u'PILAR': {'n': 64},
                       u'SIME': {u'n': 6},
                       u'SIMONE': {u'n': 12},
                       u'TAMARA': {'n': 16}},
            u'FEX': {u'SIMONE': {u'n': 6}},
            'FLIX': {'TAMARA': {'n': 4}},
            u'GENTIL': {u'MARCIA': {u'n': 6},
                        u'VALDIRENE': {u'n': 6}},
            u'GINA': {u'ORDALIA': {u'n': 8}},
            u'HOMEM': {u'MARCIA': {u'n': 34},
                       u'NIKO': {u'n': 12}},
            u'JACQUES': {u'JQUES': {u'n': 4},
                         u'LUTERO': {u'n': 16},
                         u'PILAR': {u'n': 4}},
            u'JOANA': {u'LUTERO': {u'n': 14}},
            u'KEILA': {u'VALDIRENE': {u'n': 36}},
            'LEI': {'NEIDE': {'n': 4}},
            u'LEILA': {u'NEIDE': {'n': 24},
                       u'NICOLE': {u'n': 4},
                       u'PIL': {u'n': 4},
                       u'PILAR': {u'n': 34},
                       u'THALES': {u'n': 106},
                       u'THAS': {u'n': 8}},
            u'LIDIA': {u'NICOLE': {u'n': 20},
                       'THALES': {'n': 4}},
            u'LUTERO': {u'ORDALIA': {u'n': 8},
                        u'PALOMA': {u'n': 26},
                        u'PATRICIA': {u'n': 4}},
            'MARC': {'RITA': {'n': 8}},
            u'MARCIA': {'RITA': {'n': 44},
                        u'VALDIRENE': {u'n': 124},
                        u'VDIRENE': {u'n': 4}},
            'MHEL': {'PATRICIA': {'n': 4}},
            u'MICHEL': {u'PATCIA': {u'n': 4},
                        u'PATRICIA': {'n': 46},
                        'PORTEIRO': {'n': 6},
                        'PRIA': {'n': 4}},
            'MRCIA': {'RITA': {'n': 4}},
            'NEI': {'NEIDE': {'n': 4}},
            u'NICOLE': {u'PILAR': {u'n': 10},
                        u'ROGERIO': {u'n': 58},
                        u'THALES': {'n': 24},
                        'THAS': {'n': 8},
                        u'VINICIUS': {u'n': 12}},
            'NIKO': {'PATRICIA': {'n': 30},
                     'PRICIA': {'n': 6}},
            u'NINHO': {u'ORDALIA': {u'n': 3},
                       u'PALOMA': {u'n': 34},
                       u'PILAR': {u'n': 32},
                       u'TAMARA': {u'n': 4},
                       u'VALENTIN': {'n': 20}},
            u'ORDALIA': {u'PALOMA': {u'n': 16},
                         u'PAULINHA': {u'n': 4},
                         u'PILAR': {u'n': 10}},
            u'PALOMA': {u'PAULA': {u'n': 18}},
            u'PATRICIA': {u'PORTEIRO': {u'n': 10}},
            'PERSEFONE': {'RENAN': {'n': 18},
                          'VIVIAN': {'n': 6}},
            'PERSENE': {'RENAN': {'n': 10}},
            u'PILAR': {u'SIRLANGE': {u'n': 12},
                       u'VINICIUS': {u'n': 8},
                       u'WAGNER': {u'n': 4}},
            u'POLICIAL': {u'VALDIRENE': {u'n': 8}},
            u'RINALDO': {u'VALDIRENE': {u'n': 10}}},
 u'nodes': {'ADONIRAM': {},
            'ALI': {},
            u'ALINE': {},
            u'AMADEU': {},
            u'AMALYS': {},
            u'AMARILYS': {},
            u'ANE': {},
            u'ATILIO': {},
            'BERNAA': {},
            u'BERNARDA': {},
            u'BRU': {},
            u'BRUNO': {},
            u'C': {},
            u'CARLI': {},
            u'CARLITO': {},
            u'CARTO': {},
            u'CER': {},
            u'CESAR': {},
            u'CICA': {},
            'CR': {},
            u'CTO': {},
            'DANIEL': {},
            u'DANL': {},
            u'DELEGADO': {},
            u'DENIZARD': {},
            'DENIZD': {},
            'DIZD': {},
            u'EDITH': {},
            'ELENICE': {},
            u'ENTREGADOR': {},
            u'ERON': {},
            u'FELIX': {},
            u'FEX': {},
            'FLIX': {},
            u'GARCOM': {},
            u'GENTIL': {},
            u'GIGI': {},
            u'GINA': {},
            'GLAUCE': {},
            u'HOMEM': {},
            u'JACQUES': {},
            u'JOA': {},
            u'JOANA': {},
            u'JQUES': {},
            u'JUNTOS': {},
            u'KEILA': {},
            u'LDA': {},
            u'LEI': {},
            u'LEILA': {},
            'LERO': {},
            u'LIDIA': {},
            'LIN': {},
            'LINDA': {},
            'LLA': {},
            u'LUCIANO': {},
            u'LUTERO': {},
            u'LUTO': {},
            u'MACIEL': {},
            'MARC': {},
            u'MARCIA': {},
            u'MHEL': {},
            u'MICHEL': {},
            u'MICL': {},
            'MRCIA': {},
            u'MULHER': {},
            'NEI': {},
            u'NEIDE': {},
            u'NICOLE': {},
            u'NIKO': {},
            'NIN': {},
            u'NINHO': {},
            'NIVALDO': {},
            'NO': {},
            'ORDAA': {},
            u'ORDALIA': {},
            'ORDLIA': {},
            u'PALOMA': {},
            u'PAR': {},
            u'PATA': {},
            u'PATCIA': {},
            'PATRIA': {},
            u'PATRICIA': {},
            u'PAULA': {},
            u'PAULINHA': {},
            u'PCIA': {},
            'PERFONE': {},
            'PERNE': {},
            u'PERSEFONE': {},
            'PERSENE': {},
            u'PIL': {},
            u'PILAR': {},
            'PILGA': {},
            u'POLICIAL': {},
            u'PORTEIRO': {},
            u'PRIA': {},
            u'PRICIA': {},
            'PRISCILA': {},
            u'PSEFONE': {},
            u'RAPAZ': {},
            'REN': {},
            'RENAN': {},
            u'RINALDO': {},
            'RITA': {},
            u'ROGERIO': {},
            u'SE': {},
            u'SIME': {},
            u'SIMONE': {},
            u'SIRLANGE': {},
            'TAMA': {},
            u'TAMARA': {},
            u'THALES': {},
            u'THAS': {},
            u'VALDINE': {},
            u'VALDIRE': {},
            u'VALDIRENE': {},
            u'VALENTIN': {},
            u'VALRENE': {},
            u'VDINE': {},
            u'VDIRENE': {},
            u'VINICIUS': {},
            'VIVIAN': {},
            u'WAGNER': {}}}
