WARNING: 
                CC: ILAR] E,
                Parsed: {'action': '', 'text': u'ILAR] E,', 'speaker': '', 'timestamp': ''}
WARNING: 
                CC: [CARLITOIH,
                Parsed: {'action': '', 'text': u'[CARLITOIH,', 'speaker': '', 'timestamp': ''}
WARNING: 
                CC: OGERIO] OBRIGADO.
                Parsed: {'action': '', 'text': u'OGERIO] OBRIGADO.', 'speaker': '', 'timestamp': ''}
WARNING: 
                CC: [ROGERI EU NUNCA VOUME ACOSTUMAR COM O SOFRIMENTODE NINGUEM.
                Parsed: {'action': '', 'text': u'[ROGERI EU NUNCA VOUME ACOSTUMAR COM O SOFRIMENTODE NINGUEM.', 'speaker': '', 'timestamp': ''}
WARNING: 
                CC: VAI SE ENTREGAR PRHOMEMQUE ELA ESTA APAIXONADA: VOCE.
                Parsed: {'action': '', 'text': u'VAI SE ENTREGAR PRHOMEMQUE ELA ESTA APAIXONADA: VOCE.', 'speaker': '', 'timestamp': ''}
WARNING: 
                CC: ELIX] JACQUES,
                Parsed: {'action': '', 'text': u'ELIX] JACQUES,', 'speaker': '', 'timestamp': ''}
WARNING: 
                CC: [FELI QUANDO ME INTERESSAR.
                Parsed: {'action': '', 'text': u'[FELI QUANDO ME INTERESSAR.', 'speaker': '', 'timestamp': ''}
WARNING: 
                CC: ELIX] EU U PENSARNO ASSUNTO.
                Parsed: {'action': '', 'text': u'ELIX] EU U PENSARNO ASSUNTO.', 'speaker': '', 'timestamp': ''}
WARNING: 
                CC: [LUTER VOCE SABETAO M QUTO EUQUE A MINHA MAO TREMEU.
                Parsed: {'action': '', 'text': u'[LUTER VOCE SABETAO M QUTO EUQUE A MINHA MAO TREMEU.', 'speaker': '', 'timestamp': ''}
WARNING: 
                CC: OANA] EU DISSE QUEERIA SUASMA.
                Parsed: {'action': '', 'text': u'OANA] EU DISSE QUEERIA SUASMA.', 'speaker': '', 'timestamp': ''}
WARNING: 
                CC: UTERO] HA?
                Parsed: {'action': '', 'text': u'UTERO] HA?', 'speaker': '', 'timestamp': ''}
WARNING: 
                CC: RILYS] COM LICENCA.
                Parsed: {'action': '', 'text': u'RILYS] COM LICENCA.', 'speaker': '', 'timestamp': ''}
WARNING: 
                CC: OANA] COMOELE E O NOIVODELA,
                Parsed: {'action': '', 'text': u'OANA] COMOELE E O NOIVODELA,', 'speaker': '', 'timestamp': ''}
WARNING: 
                CC: [AMARI VAI SER MUITODIFICIL AFASR O BRUNO.
                Parsed: {'action': '', 'text': u'[AMARI VAI SER MUITODIFICIL AFASR O BRUNO.', 'speaker': '', 'timestamp': ''}
WARNING: 
                CC: [PRICIA]EDIU PIZ.
                Parsed: {'action': '', 'text': u'[PRICIA]EDIU PIZ.', 'speaker': '', 'timestamp': ''}
WARNING: 
                CC: IMONE] E DXOU UMASCUECAS NO SEU APARTAMENTO?
                Parsed: {'action': '', 'text': u'IMONE] E DXOU UMASCUECAS NO SEU APARTAMENTO?', 'speaker': '', 'timestamp': ''}
WARNING: 
                CC: [PATRICI NAO,
                Parsed: {'action': '', 'text': u'[PATRICI NAO,', 'speaker': '', 'timestamp': ''}
WARNING: 
                CC: [PERSEFONEJA EU,
                Parsed: {'action': '', 'text': u'[PERSEFONEJA EU,', 'speaker': '', 'timestamp': ''}
WARNING: 
                CC: [SONE]H,
                Parsed: {'action': '', 'text': u'[SONE]H,', 'speaker': '', 'timestamp': ''}
WARNING: 
                CC: IMONE] UESE VIRA.
                Parsed: {'action': '', 'text': u'IMONE] UESE VIRA.', 'speaker': '', 'timestamp': ''}
WARNING: 
                CC: [FLIX]ACA O FAVODEIRTRHAR.
                Parsed: {'action': '', 'text': u'[FLIX]ACA O FAVODEIRTRHAR.', 'speaker': '', 'timestamp': ''}
WARNING: 
                CC: EM CARATER DE URGENCIA[SIME]OUTOR FELIX,
                Parsed: {'action': '', 'text': u'EM CARATER DE URGENCIA[SIME]OUTOR FELIX,', 'speaker': '', 'timestamp': ''}
WARNING: 
                CC: ELIX] UM EXAME DE DNA?!
                Parsed: {'action': '', 'text': u'ELIX] UM EXAME DE DNA?!', 'speaker': '', 'timestamp': ''}
WARNING: 
                CC: [ERO BOM,
                Parsed: {'action': '', 'text': u'[ERO BOM,', 'speaker': '', 'timestamp': ''}
WARNING: 
                CC: [N CALMA.
                Parsed: {'action': '', 'text': u'[N CALMA.', 'speaker': '', 'timestamp': ''}
WARNING: 
                CC: E SO UJEITDE FALAR[MULHER]LE FOUDESSE JEITO,
                Parsed: {'action': '', 'text': u'E SO UJEITDE FALAR[MULHER]LE FOUDESSE JEITO,', 'speaker': '', 'timestamp': ''}
WARNING: 
                CC: [ERO ETO MUITOSATISFEITO COM MINHAIDA.
                Parsed: {'action': '', 'text': u'[ERO ETO MUITOSATISFEITO COM MINHAIDA.', 'speaker': '', 'timestamp': ''}
WARNING: 
                CC: [MULHE V COMBINARO PAGAMENTO?
                Parsed: {'action': '', 'text': u'[MULHE V COMBINARO PAGAMENTO?', 'speaker': '', 'timestamp': ''}
WARNING: 
                CC: [NIK EOCEQUERER AUMENTO TODMES?
                Parsed: {'action': '', 'text': u'[NIK EOCEQUERER AUMENTO TODMES?', 'speaker': '', 'timestamp': ''}
WARNING: 
                CC: [HOMEMVOCES NAO EM BEBEOM SAUDE?
                Parsed: {'action': '', 'text': u'[HOMEMVOCES NAO EM BEBEOM SAUDE?', 'speaker': '', 'timestamp': ''}
WARNING: 
                CC: ATRICIA] MICHEL,
                Parsed: {'action': '', 'text': u'ATRICIA] MICHEL,', 'speaker': '', 'timestamp': ''}
WARNING: 
                CC: [MICHEOCE OUE?
                Parsed: {'action': '', 'text': u'[MICHEOCE OUE?', 'speaker': '', 'timestamp': ''}
WARNING: 
                CC: [PATRICIA]A SURPRO POR QUE?
                Parsed: {'action': '', 'text': u'[PATRICIA]A SURPRO POR QUE?', 'speaker': '', 'timestamp': ''}
WARNING: 
                CC: [PRICI MICHEL,
                Parsed: {'action': '', 'text': u'[PRICI MICHEL,', 'speaker': '', 'timestamp': ''}
WARNING: 
                CC: [MICHE OK.
                Parsed: {'action': '', 'text': u'[MICHE OK.', 'speaker': '', 'timestamp': ''}
WARNING: 
                CC: [MHE APROVEITA.
                Parsed: {'action': '', 'text': u'[MHE APROVEITA.', 'speaker': '', 'timestamp': ''}
WARNING: 
                CC: [MICL]A A VONTADE.
                Parsed: {'action': '', 'text': u'[MICL]A A VONTADE.', 'speaker': '', 'timestamp': ''}
WARNING: 
                CC: HEL] O DANIEL,
                Parsed: {'action': '', 'text': u'HEL] O DANIEL,', 'speaker': '', 'timestamp': ''}
WARNING: 
                CC: [DANIE VAILUGAR DE SEMPRE,
                Parsed: {'action': '', 'text': u'[DANIE VAILUGAR DE SEMPRE,', 'speaker': '', 'timestamp': ''}
WARNING: 
                CC: [FELI IO AQUI E UMA COPIADA REQUISICAO.
                Parsed: {'action': '', 'text': u'[FELI IO AQUI E UMA COPIADA REQUISICAO.', 'speaker': '', 'timestamp': ''}
WARNING: 
                CC: [SIM DOUTOR FEX,
                Parsed: {'action': '', 'text': u'[SIM DOUTOR FEX,', 'speaker': '', 'timestamp': ''}
WARNING: 
                CC: ELIX] AH,
                Parsed: {'action': '', 'text': u'ELIX] AH,', 'speaker': '', 'timestamp': ''}
WARNING: 
                CC: [FELIX]VIRA,
                Parsed: {'action': '', 'text': u'[FELIX]VIRA,', 'speaker': '', 'timestamp': ''}
WARNING: 
                CC: [SIMONE]U PREFIRO FALAR,
                Parsed: {'action': '', 'text': u'[SIMONE]U PREFIRO FALAR,', 'speaker': '', 'timestamp': ''}
WARNING: 
                CC: UTERO]AS O QUEE ONCEU?
                Parsed: {'action': '', 'text': u'UTERO]AS O QUEE ONCEU?', 'speaker': '', 'timestamp': ''}
WARNING: 
                CC: [PERSEFONEES PIADA EEL.
                Parsed: {'action': '', 'text': u'[PERSEFONEES PIADA EEL.', 'speaker': '', 'timestamp': ''}
WARNING: 
                CC: [DANL]LHLA,
                Parsed: {'action': '', 'text': u'[DANL]LHLA,', 'speaker': '', 'timestamp': ''}
WARNING: 
                CC: [CARLITO NE?
                Parsed: {'action': '', 'text': u'[CARLITO NE?', 'speaker': '', 'timestamp': ''}
WARNING: 
                CC: [CARTONDELIcCIA E VOC!
                Parsed: {'action': '', 'text': u'[CARTONDELIcCIA E VOC!', 'speaker': '', 'timestamp': ''}
WARNING: 
                CC: [VRENAO E PSS NO.
                Parsed: {'action': '', 'text': u'[VRENAO E PSS NO.', 'speaker': '', 'timestamp': ''}
WARNING: 
                CC: LITO] DELICIA,
                Parsed: {'action': '', 'text': u'LITO] DELICIA,', 'speaker': '', 'timestamp': ''}
WARNING: 
                CC: [CARLITOE ?
                Parsed: {'action': '', 'text': u'[CARLITOE ?', 'speaker': '', 'timestamp': ''}
WARNING: 
                CC: ELIX] PQUANDO QUEIXOBATE NA M.
                Parsed: {'action': '', 'text': u'ELIX] PQUANDO QUEIXOBATE NA M.', 'speaker': '', 'timestamp': ''}
WARNING: 
                CC: ELIX] P CS DOOS
                Parsed: {'action': '', 'text': u'ELIX] P CS DOOS', 'speaker': '', 'timestamp': ''}
WARNING: 
                CC: [CESAOCE VAI FICARBOA GO,
                Parsed: {'action': '', 'text': u'[CESAOCE VAI FICARBOA GO,', 'speaker': '', 'timestamp': ''}
WARNING: 
                CC: IL] O PALOMA,
                Parsed: {'action': '', 'text': u'IL] O PALOMA,', 'speaker': '', 'timestamp': ''}
DEBUG: Recuperando ultima arvore
DEBUG: SELECT "cc_mining_analysis"."id", "cc_mining_analysis"."tvshow_id" FROM "cc_mining_analysis" INNER JOIN "cc_mining_tvshow" ON ("cc_mining_analysis"."tvshow_id" = "cc_mining_tvshow"."id") WHERE ("cc_mining_tvshow"."pid_id" = 6  AND "cc_mining_analysis"."id" < 6 )
DEBUG: JSON inicial:
{u'nodes': {u'JACQUES': {}, u'PILAR': {}, u'WAGNER': {}, u'RINALDO': {}, u'SIMONE': {}, u'LEILA': {}, u'PAULA': {}, u'BRUNO': {}, u'NEIDE': {}, u'LUTO': {}, u'LDA': {}, u'PIL': {}, u'ROGERIO': {}, u'MARCIA': {}, u'THALES': {}, u'FELIX': {}, u'PATRICIA': {}, u'NICOLE': {}, u'VINICIUS': {}, u'CER': {}, u'PALOMA': {}, u'DENIZARD': {}, u'CESAR': {}, u'NINHO': {}, u'BERNARDA': {}, u'SIRLANGE': {}, u'JOANA': {}, u'GINA': {}, u'PAULINHA': {}, u'ATILIO': {}, u'ORDALIA': {}, u'FEX': {}, u'HOMEM': {}, u'ANE': {}, u'ALINE': {}, u'LEI': {}, u'BRU': {}, u'ENTREGADOR': {}, u'LUTERO': {}, u'VALDIRENE': {}, u'CARLITO': {}, u'PORTEIRO': {}, u'AMARILYS': {}, u'MICHEL': {}}, u'edges': {u'PILAR': {u'VINICIUS': {u'n': 8}, u'WAGNER': {u'n': 4}, u'SIRLANGE': {u'n': 12}}, u'HOMEM': {u'MARCIA': {u'n': 34}}, u'RINALDO': {u'VALDIRENE': {u'n': 6}}, u'LEILA': {u'NEIDE': {u'n': 20}, u'THALES': {u'n': 50}, u'PILAR': {u'n': 34}, u'PIL': {u'n': 4}}, u'BRUNO': {u'ORDALIA': {u'n': 4}, u'PAULINHA': {u'n': 8}, u'PAULA': {u'n': 6}, u'GINA': {u'n': 6}, u'PALOMA': {u'n': 42}}, u'NICOLE': {u'VINICIUS': {u'n': 12}, u'THALES': {u'n': 4}, u'PILAR': {u'n': 10}}, u'MARCIA': {u'VALDIRENE': {u'n': 60}}, u'FELIX': {u'SIMONE': {u'n': 8}, u'JACQUES': {u'n': 36}}, u'PATRICIA': {u'PORTEIRO': {u'n': 10}}, u'CER': {u'PILAR': {u'n': 4}}, u'PALOMA': {u'PAULA': {u'n': 18}}, u'DENIZARD': {u'RINALDO': {u'n': 14}}, u'CESAR': {u'PILAR': {u'n': 8}}, u'NINHO': {u'PALOMA': {u'n': 34}}, u'GINA': {u'ORDALIA': {u'n': 8}}, u'BERNARDA': {u'LEILA': {u'n': 8}, u'PILAR': {u'n': 14}, u'WAGNER': {u'n': 4}}, u'JOANA': {u'LUTERO': {u'n': 4}}, u'ATILIO': {u'VALDIRENE': {u'n': 4}, u'MARCIA': {u'n': 18}}, u'ORDALIA': {u'PALOMA': {u'n': 16}, u'PAULINHA': {u'n': 4}}, u'JACQUES': {u'LUTERO': {u'n': 10}}, u'ANE': {u'CESAR': {u'n': 4}}, u'ALINE': {u'CESAR': {u'n': 28}}, u'ENTREGADOR': {u'PATRICIA': {u'n': 8}}, u'LUTERO': {u'ORDALIA': {u'n': 4}, u'PALOMA': {u'n': 26}}, u'CARLITO': {u'VALDIRENE': {u'n': 24}}, u'AMARILYS': {u'FELIX': {u'n': 36}, u'LUTERO': {u'n': 4}, u'BRUNO': {u'n': 16}, u'PALOMA': {u'n': 85}, u'ORDALIA': {u'n': 10}, u'FEX': {u'n': 4}}, u'MICHEL': {u'PATRICIA': {u'n': 10}}}}
DEBUG: Pesquisando relacionamento entre NICOLE e THALES...
DEBUG: O NICOLE tem os seguintes relacionamentos: {u'VINICIUS': {u'n': 12}, u'THALES': {u'n': 4}, u'PILAR': {u'n': 10}}
DEBUG: Incrementando relacionamento entre NICOLE e THALES: de 4 para 8
DEBUG: Pesquisando relacionamento entre FELIX e SIME...
DEBUG: O FELIX tem os seguintes relacionamentos: {u'SIMONE': {u'n': 8}, u'JACQUES': {u'n': 36}}
DEBUG: Pesquisando relacionamento entre LUTERO e ORDALIA...
DEBUG: O LUTERO tem os seguintes relacionamentos: {u'ORDALIA': {u'n': 4}, u'PALOMA': {u'n': 26}}
DEBUG: Incrementando relacionamento entre LUTERO e ORDALIA: de 4 para 8
DEBUG: Pesquisando relacionamento entre FELIX e PILAR...
DEBUG: O FELIX tem os seguintes relacionamentos: {u'SIMONE': {u'n': 8}, 'SIME': {'n': 6}, u'JACQUES': {u'n': 36}}
DEBUG: Pesquisando relacionamento entre BERNARDA e PILAR...
DEBUG: O BERNARDA tem os seguintes relacionamentos: {u'LEILA': {u'n': 8}, u'PILAR': {u'n': 14}, u'WAGNER': {u'n': 4}}
DEBUG: Incrementando relacionamento entre BERNARDA e PILAR: de 14 para 30
DEBUG: Pesquisando relacionamento entre BRUNO e CESAR...
DEBUG: O BRUNO tem os seguintes relacionamentos: {u'ORDALIA': {u'n': 4}, u'PAULINHA': {u'n': 8}, u'PAULA': {u'n': 6}, u'GINA': {u'n': 6}, u'PALOMA': {u'n': 42}}
DEBUG: Pesquisando relacionamento entre NINHO e VALENTIN...
DEBUG: O NINHO tem os seguintes relacionamentos: {u'PALOMA': {u'n': 34}}
DEBUG: Pesquisando relacionamento entre DENIZARD e ORDALIA...
DEBUG: O DENIZARD tem os seguintes relacionamentos: {u'RINALDO': {u'n': 14}}
DEBUG: Pesquisando relacionamento entre DENIZARD e RINALDO...
DEBUG: O DENIZARD tem os seguintes relacionamentos: {u'RINALDO': {u'n': 14}, 'ORDALIA': {'n': 8}}
DEBUG: Incrementando relacionamento entre DENIZARD e RINALDO: de 14 para 22
DEBUG: Pesquisando relacionamento entre NINHO e PILAR...
DEBUG: O NINHO tem os seguintes relacionamentos: {'VALENTIN': {'n': 8}, u'PALOMA': {u'n': 34}}
DEBUG: Pesquisando relacionamento entre AMARILYS e CICA...
DEBUG: O AMARILYS tem os seguintes relacionamentos: {u'FELIX': {u'n': 36}, u'LUTERO': {u'n': 4}, u'BRUNO': {u'n': 16}, u'PALOMA': {u'n': 85}, u'ORDALIA': {u'n': 10}, u'FEX': {u'n': 4}}
DEBUG: Pesquisando relacionamento entre BRUNO e DENIZARD...
DEBUG: O BRUNO tem os seguintes relacionamentos: {u'ORDALIA': {u'n': 4}, u'GINA': {u'n': 6}, u'PAULINHA': {u'n': 8}, u'PALOMA': {u'n': 42}, 'CESAR': {'n': 6}, u'PAULA': {u'n': 6}}
DEBUG: Arvore nao contem ERON
DEBUG: Pesquisando relacionamento entre ERON e HOMEM...
DEBUG: O ERON tem os seguintes relacionamentos: {}
DEBUG: Pesquisando relacionamento entre FELIX e JACQUES...
DEBUG: O FELIX tem os seguintes relacionamentos: {u'SIMONE': {u'n': 8}, 'PILAR': {'n': 40}, 'SIME': {'n': 6}, u'JACQUES': {u'n': 36}}
DEBUG: Incrementando relacionamento entre FELIX e JACQUES: de 36 para 56
DEBUG: Pesquisando relacionamento entre BRUNO e NINHO...
DEBUG: O BRUNO tem os seguintes relacionamentos: {u'ORDALIA': {u'n': 4}, u'GINA': {u'n': 6}, u'PAULINHA': {u'n': 8}, u'PALOMA': {u'n': 42}, 'DENIZARD': {'n': 4}, 'CESAR': {'n': 6}, u'PAULA': {u'n': 6}}
DEBUG: Pesquisando relacionamento entre LEILA e NICOLE...
DEBUG: O LEILA tem os seguintes relacionamentos: {u'NEIDE': {u'n': 20}, u'THALES': {u'n': 50}, u'PILAR': {u'n': 34}, u'PIL': {u'n': 4}}
DEBUG: Arvore nao contem AMADEU
DEBUG: Pesquisando relacionamento entre AMADEU e FELIX...
DEBUG: O AMADEU tem os seguintes relacionamentos: {}
DEBUG: Pesquisando relacionamento entre JACQUES e LUTERO...
DEBUG: O JACQUES tem os seguintes relacionamentos: {u'LUTERO': {u'n': 10}}
DEBUG: Incrementando relacionamento entre JACQUES e LUTERO: de 10 para 16
DEBUG: Pesquisando relacionamento entre CESAR e ORDALIA...
DEBUG: O CESAR tem os seguintes relacionamentos: {u'PILAR': {u'n': 8}}
DEBUG: Pesquisando relacionamento entre CARLITO e RINALDO...
DEBUG: O CARLITO tem os seguintes relacionamentos: {u'VALDIRENE': {u'n': 24}}
DEBUG: Pesquisando relacionamento entre DENIZARD e PILAR...
DEBUG: O DENIZARD tem os seguintes relacionamentos: {u'RINALDO': {'n': 22}, 'ORDALIA': {'n': 8}}
DEBUG: Pesquisando relacionamento entre CESAR e FELIX...
DEBUG: O CESAR tem os seguintes relacionamentos: {u'PILAR': {u'n': 8}, 'ORDALIA': {'n': 4}}
DEBUG: Pesquisando relacionamento entre BERNARDA e FELIX...
DEBUG: O BERNARDA tem os seguintes relacionamentos: {u'LEILA': {u'n': 8}, u'PILAR': {'n': 30}, u'WAGNER': {u'n': 4}}
DEBUG: Pesquisando relacionamento entre DENIZARD e VALDIRENE...
DEBUG: O DENIZARD tem os seguintes relacionamentos: {u'RINALDO': {'n': 22}, 'ORDALIA': {'n': 8}, 'PILAR': {'n': 14}}
DEBUG: Pesquisando relacionamento entre FELIX e NINHO...
DEBUG: O FELIX tem os seguintes relacionamentos: {u'SIMONE': {u'n': 8}, 'PILAR': {'n': 40}, 'SIME': {'n': 6}, u'JACQUES': {'n': 56}}
DEBUG: Pesquisando relacionamento entre HOMEM e NIKO...
DEBUG: O HOMEM tem os seguintes relacionamentos: {u'MARCIA': {u'n': 34}}
DEBUG: Pesquisando relacionamento entre ALINE e CESAR...
DEBUG: O ALINE tem os seguintes relacionamentos: {u'CESAR': {u'n': 28}}
DEBUG: Incrementando relacionamento entre ALINE e CESAR: de 28 para 62
DEBUG: Pesquisando relacionamento entre NINHO e ORDALIA...
DEBUG: O NINHO tem os seguintes relacionamentos: {'VALENTIN': {'n': 8}, 'PILAR': {'n': 32}, u'PALOMA': {u'n': 34}}
DEBUG: Pesquisando relacionamento entre JOANA e LUTERO...
DEBUG: O JOANA tem os seguintes relacionamentos: {u'LUTERO': {u'n': 4}}
DEBUG: Incrementando relacionamento entre JOANA e LUTERO: de 4 para 14
DEBUG: Pesquisando relacionamento entre LEILA e THAS...
DEBUG: O LEILA tem os seguintes relacionamentos: {u'NEIDE': {u'n': 20}, u'THALES': {u'n': 50}, u'PILAR': {u'n': 34}, u'PIL': {u'n': 4}, 'NICOLE': {'n': 4}}
DEBUG: Pesquisando relacionamento entre BERNARDA e EDITH...
DEBUG: O BERNARDA tem os seguintes relacionamentos: {'FELIX': {'n': 10}, u'LEILA': {u'n': 8}, u'PILAR': {'n': 30}, u'WAGNER': {u'n': 4}}
DEBUG: Pesquisando relacionamento entre LEILA e THALES...
DEBUG: O LEILA tem os seguintes relacionamentos: {'THAS': {'n': 8}, u'PIL': {u'n': 4}, u'THALES': {u'n': 50}, u'PILAR': {u'n': 34}, u'NEIDE': {u'n': 20}, 'NICOLE': {'n': 4}}
DEBUG: Incrementando relacionamento entre LEILA e THALES: de 50 para 106
DEBUG: Pesquisando relacionamento entre MICHEL e PATCIA...
DEBUG: O MICHEL tem os seguintes relacionamentos: {u'PATRICIA': {u'n': 10}}
DEBUG: Arvore nao contem LIDIA
DEBUG: Pesquisando relacionamento entre LIDIA e NICOLE...
DEBUG: O LIDIA tem os seguintes relacionamentos: {}
DEBUG: Pesquisando relacionamento entre CESAR e PILAR...
DEBUG: O CESAR tem os seguintes relacionamentos: {'FELIX': {'n': 4}, u'PILAR': {u'n': 8}, 'ORDALIA': {'n': 4}}
DEBUG: Incrementando relacionamento entre CESAR e PILAR: de 8 para 28
DEBUG: Pesquisando relacionamento entre RINALDO e VALDIRENE...
DEBUG: O RINALDO tem os seguintes relacionamentos: {u'VALDIRENE': {u'n': 6}}
DEBUG: Incrementando relacionamento entre RINALDO e VALDIRENE: de 6 para 10
DEBUG: Pesquisando relacionamento entre JACQUES e JQUES...
DEBUG: O JACQUES tem os seguintes relacionamentos: {u'LUTERO': {'n': 16}}
DEBUG: Pesquisando relacionamento entre ORDALIA e PILAR...
DEBUG: O ORDALIA tem os seguintes relacionamentos: {u'PALOMA': {u'n': 16}, u'PAULINHA': {u'n': 4}}
DEBUG: Pesquisando relacionamento entre BRUNO e PILAR...
DEBUG: O BRUNO tem os seguintes relacionamentos: {u'ORDALIA': {u'n': 4}, u'GINA': {u'n': 6}, u'PAULINHA': {u'n': 8}, u'PALOMA': {u'n': 42}, 'DENIZARD': {'n': 4}, 'CESAR': {'n': 6}, 'NINHO': {'n': 30}, u'PAULA': {u'n': 6}}
DEBUG: Pesquisando relacionamento entre NINHO e TAMARA...
DEBUG: O NINHO tem os seguintes relacionamentos: {'VALENTIN': {'n': 8}, 'PILAR': {'n': 32}, 'ORDALIA': {'n': 3}, u'PALOMA': {u'n': 34}}
DEBUG: Pesquisando relacionamento entre CESAR e LUCIANO...
DEBUG: O CESAR tem os seguintes relacionamentos: {'FELIX': {'n': 4}, u'PILAR': {'n': 28}, 'ORDALIA': {'n': 4}}
DEBUG: Pesquisando relacionamento entre BERNARDA e DENIZARD...
DEBUG: O BERNARDA tem os seguintes relacionamentos: {'FELIX': {'n': 10}, u'LEILA': {u'n': 8}, u'PILAR': {'n': 30}, u'WAGNER': {u'n': 4}, 'EDITH': {'n': 4}}
DEBUG: Pesquisando relacionamento entre JACQUES e PILAR...
DEBUG: O JACQUES tem os seguintes relacionamentos: {'JQUES': {'n': 4}, u'LUTERO': {'n': 16}}
DEBUG: Pesquisando relacionamento entre FELIX e SIMONE...
DEBUG: O FELIX tem os seguintes relacionamentos: {u'SIMONE': {u'n': 8}, 'PILAR': {'n': 40}, 'NINHO': {'n': 24}, 'SIME': {'n': 6}, u'JACQUES': {'n': 56}}
DEBUG: Incrementando relacionamento entre FELIX e SIMONE: de 8 para 12
DEBUG: Pesquisando relacionamento entre BERNARDA e CESAR...
DEBUG: O BERNARDA tem os seguintes relacionamentos: {u'PILAR': {'n': 30}, 'EDITH': {'n': 4}, 'FELIX': {'n': 10}, u'WAGNER': {u'n': 4}, u'LEILA': {u'n': 8}, 'DENIZARD': {'n': 4}}
DEBUG: Pesquisando relacionamento entre ALINE e PILAR...
DEBUG: O ALINE tem os seguintes relacionamentos: {u'CESAR': {'n': 62}}
DEBUG: Arvore nao contem FEX
DEBUG: Pesquisando relacionamento entre FEX e SIMONE...
DEBUG: O FEX tem os seguintes relacionamentos: {}
DEBUG: Pesquisando relacionamento entre CARLITO e DENIZARD...
DEBUG: O CARLITO tem os seguintes relacionamentos: {'RINALDO': {'n': 8}, u'VALDIRENE': {u'n': 24}}
DEBUG: Pesquisando relacionamento entre NICOLE e ROGERIO...
DEBUG: O NICOLE tem os seguintes relacionamentos: {u'VINICIUS': {u'n': 12}, u'THALES': {'n': 8}, u'PILAR': {u'n': 10}}
DEBUG: Pesquisando relacionamento entre BRUNO e LUTERO...
DEBUG: O BRUNO tem os seguintes relacionamentos: {u'ORDALIA': {u'n': 4}, u'GINA': {u'n': 6}, u'PAULINHA': {u'n': 8}, 'PILAR': {'n': 10}, u'PALOMA': {u'n': 42}, 'DENIZARD': {'n': 4}, 'CESAR': {'n': 6}, 'NINHO': {'n': 30}, u'PAULA': {u'n': 6}}
DEBUG: Pesquisando relacionamento entre CARLITO e VALDIRENE...
DEBUG: O CARLITO tem os seguintes relacionamentos: {'RINALDO': {'n': 8}, u'VALDIRENE': {u'n': 24}, 'DENIZARD': {'n': 14}}
DEBUG: Incrementando relacionamento entre CARLITO e VALDIRENE: de 24 para 28
DEBUG: Arvore nao contem EDITH
DEBUG: Pesquisando relacionamento entre EDITH e FELIX...
DEBUG: O EDITH tem os seguintes relacionamentos: {}
DEBUG: Pesquisando relacionamento entre BRUNO e ORDALIA...
DEBUG: O BRUNO tem os seguintes relacionamentos: {u'ORDALIA': {u'n': 4}, u'GINA': {u'n': 6}, u'PAULINHA': {u'n': 8}, 'LUTERO': {'n': 6}, 'PILAR': {'n': 10}, u'PALOMA': {u'n': 42}, 'DENIZARD': {'n': 4}, 'CESAR': {'n': 6}, 'NINHO': {'n': 30}, u'PAULA': {u'n': 6}}
DEBUG: Incrementando relacionamento entre BRUNO e ORDALIA: de 4 para 10
DEBUG: Pesquisando relacionamento entre ANE e CESAR...
DEBUG: O ANE tem os seguintes relacionamentos: {u'CESAR': {u'n': 4}}
DEBUG: Incrementando relacionamento entre ANE e CESAR: de 4 para 8
DEBUG: Pesquisando relacionamento entre DENIZARD e LUTERO...
DEBUG: O DENIZARD tem os seguintes relacionamentos: {u'RINALDO': {'n': 22}, 'VALDIRENE': {'n': 4}, 'ORDALIA': {'n': 8}, 'PILAR': {'n': 14}}
DEBUG: Pesquisando relacionamento entre AMADEU e PILAR...
DEBUG: O AMADEU tem os seguintes relacionamentos: {'FELIX': {'n': 6}}
DEBUG: Clusterizacao:
[['THAS', 'ERON', 'FEX', 'EDITH', u'PILAR', u'WAGNER', u'HOMEM', 'NIKO', u'RINALDO', 'LUCIANO', u'LEILA', u'BRUNO', u'NEIDE', 'TAMARA', 'NICOLE', u'PIL', 'ROGERIO', u'MARCIA', u'THALES', u'FELIX', u'VINICIUS', u'CER', u'PALOMA', u'DENIZARD', u'CESAR', u'NINHO', u'GINA', 'LIDIA', 'CICA', u'BERNARDA', u'JOANA', 'AMADEU', u'PAULINHA', 'JQUES', 'SIME', u'ATILIO', u'ORDALIA', u'PAULA', u'JACQUES', u'ANE', u'ALINE', u'SIMONE', u'SIRLANGE', 'LUTERO', 'VALDIRENE', u'CARLITO', 'VALENTIN', u'AMARILYS'], [u'MICHEL', 'PATCIA', u'ENTREGADOR', u'PORTEIRO', u'PATRICIA'], ['PAR'], ['PRIA'], ['MICL'], ['CARTO'], ['JUNTOS'], ['CTO'], ['VDINE'], [u'LUTO'], ['VALDINE'], [u'LDA'], ['VALRENE'], ['PRICIA'], ['JOA'], ['GARCOM'], ['C'], ['CARLI'], ['PATA'], ['MULHER'], [u'LEI'], [u'BRU'], ['PERSEFONE'], ['AMALYS'], ['MHEL'], ['DANL'], ['PCIA'], ['VALDIRE'], ['PSEFONE'], ['SE']]
DEBUG: Node THAS go to group #0
DEBUG: Node PAR go to group #2
DEBUG: Node JACQUES go to group #0
DEBUG: Node PRIA go to group #3
DEBUG: Node EDITH go to group #0
DEBUG: Node PILAR go to group #0
DEBUG: Node WAGNER go to group #0
DEBUG: Node ERON go to group #0
DEBUG: Node NIKO go to group #0
DEBUG: Node RINALDO go to group #0
DEBUG: Node SIMONE go to group #0
DEBUG: Node LEILA go to group #0
DEBUG: Node MICL go to group #4
DEBUG: Node CARTO go to group #5
DEBUG: Node BRUNO go to group #0
DEBUG: Node LUCIANO go to group #0
DEBUG: Node JUNTOS go to group #6
DEBUG: Node TAMARA go to group #0
DEBUG: Node CTO go to group #7
DEBUG: Node VDINE go to group #8
DEBUG: Node LUTO go to group #9
DEBUG: Node VALDINE go to group #10
DEBUG: Node VALDIRE go to group #27
DEBUG: Node LDA go to group #11
DEBUG: Node PIL go to group #0
DEBUG: Node ROGERIO go to group #0
DEBUG: Node MARCIA go to group #0
DEBUG: Node THALES go to group #0
DEBUG: Node VALRENE go to group #12
DEBUG: Node FELIX go to group #0
DEBUG: Node PATRICIA go to group #1
DEBUG: Node PRICIA go to group #13
DEBUG: Node VINICIUS go to group #0
DEBUG: Node JOA go to group #14
DEBUG: Node DANL go to group #25
DEBUG: Node NICOLE go to group #0
DEBUG: Node PALOMA go to group #0
DEBUG: Node GARCOM go to group #15
DEBUG: Node SIRLANGE go to group #0
DEBUG: Node NEIDE go to group #0
DEBUG: Node CESAR go to group #0
DEBUG: Node NINHO go to group #0
DEBUG: Node CER go to group #0
DEBUG: Node C go to group #16
DEBUG: Node BERNARDA go to group #0
DEBUG: Node LIDIA go to group #0
DEBUG: Node PORTEIRO go to group #1
DEBUG: Node CICA go to group #0
DEBUG: Node GINA go to group #0
DEBUG: Node JOANA go to group #0
DEBUG: Node AMADEU go to group #0
DEBUG: Node PAULINHA go to group #0
DEBUG: Node JQUES go to group #0
DEBUG: Node DENIZARD go to group #0
DEBUG: Node SE go to group #29
DEBUG: Node SIME go to group #0
DEBUG: Node PATA go to group #18
DEBUG: Node ATILIO go to group #0
DEBUG: Node ORDALIA go to group #0
DEBUG: Node PAULA go to group #0
DEBUG: Node CARLI go to group #17
DEBUG: Node FEX go to group #0
DEBUG: Node HOMEM go to group #0
DEBUG: Node ANE go to group #0
DEBUG: Node PATCIA go to group #1
DEBUG: Node ALINE go to group #0
DEBUG: Node MULHER go to group #19
DEBUG: Node LEI go to group #20
DEBUG: Node BRU go to group #21
DEBUG: Node ENTREGADOR go to group #1
DEBUG: Node PERSEFONE go to group #22
DEBUG: Node LUTERO go to group #0
DEBUG: Node MHEL go to group #24
DEBUG: Node VALDIRENE go to group #0
DEBUG: Node CARLITO go to group #0
DEBUG: Node PCIA go to group #26
DEBUG: Node AMALYS go to group #23
DEBUG: Node VALENTIN go to group #0
DEBUG: Node AMARILYS go to group #0
DEBUG: Node PSEFONE go to group #28
DEBUG: Node MICHEL go to group #1
INFO: Relations:
Counter({(u'LEILA', u'THALES'): 56, (u'FELIX', u'PILAR'): 40, (u'NICOLE', u'ROGERIO'): 40, (u'ALINE', u'CESAR'): 34, (u'NINHO', u'PILAR'): 32, (u'BRUNO', u'NINHO'): 30, (u'FELIX', u'NINHO'): 24, (u'FELIX', u'JACQUES'): 20, (u'CESAR', u'PILAR'): 20, (u'ALINE', u'PILAR'): 18, (u'BERNARDA', u'PILAR'): 16, (u'LIDIA', u'NICOLE'): 16, (u'DENIZARD', u'PILAR'): 14, (u'CARLITO', u'DENIZARD'): 14, (u'HOMEM', u'NIKO'): 12, (u'BERNARDA', u'FELIX'): 10, (u'JOANA', u'LUTERO'): 10, (u'ORDALIA', u'PILAR'): 10, (u'BRUNO', u'PILAR'): 10, (u'NINHO', u'VALENTIN'): 8, (u'DENIZARD', u'ORDALIA'): 8, (u'DENIZARD', u'RINALDO'): 8, (u'ERON', u'HOMEM'): 8, (u'CARLITO', u'RINALDO'): 8, (u'LEILA', u'THAS'): 8, (u'EDITH', u'FELIX'): 8, (u'LUTERO', u'LUTERO'): 8, (u'PILAR', u'PILAR'): 6, (u'FELIX', u'SIME'): 6, (u'BRUNO', u'CESAR'): 6, (u'AMADEU', u'FELIX'): 6, (u'JACQUES', u'LUTERO'): 6, (u'FEX', u'SIMONE'): 6, (u'BRUNO', u'LUTERO'): 6, (u'BRUNO', u'ORDALIA'): 6, (u'NICOLE', u'THALES'): 4, (u'LUTERO', u'ORDALIA'): 4, (u'NICOLE', u'NICOLE'): 4, (u'AMARILYS', u'CICA'): 4, (u'BRUNO', u'DENIZARD'): 4, (u'LEILA', u'NICOLE'): 4, (u'CESAR', u'ORDALIA'): 4, (u'CESAR', u'FELIX'): 4, (u'DENIZARD', u'VALDIRENE'): 4, (u'BERNARDA', u'EDITH'): 4, (u'MICHEL', u'PATCIA'): 4, (u'RINALDO', u'VALDIRENE'): 4, (u'JACQUES', u'JQUES'): 4, (u'NINHO', u'TAMARA'): 4, (u'CESAR', u'LUCIANO'): 4, (u'BERNARDA', u'DENIZARD'): 4, (u'JACQUES', u'PILAR'): 4, (u'FELIX', u'SIMONE'): 4, (u'FELIX', u'FELIX'): 4, (u'BERNARDA', u'CESAR'): 4, (u'CARLITO', u'VALDIRENE'): 4, (u'ANE', u'CESAR'): 4, (u'DENIZARD', u'LUTERO'): 4, (u'AMADEU', u'PILAR'): 4, (u'NINHO', u'ORDALIA'): 3, (u'FELIX', u'SE'): 2, (u'FEX', u'SIME'): 2, (u'FELIX', u'ORDALIA'): 2, (u'BERNARDA', u'BRUNO'): 2, (u'MICHEL', u'MICL'): 2, (u'PATRICIA', u'PCIA'): 2, (u'PATRICIA', u'SIMONE'): 2, (u'GINA', u'ORDALIA'): 2, (u'CSAR', u'SE'): 2, (u'ALINE', u'FELIX'): 2, (u'FELIX', u'VALENTIN'): 2, (u'BERNARDA', u'NINHO'): 2, (u'GARCOM', u'PRICIA'): 2, (u'MULHER', u'PATRICIA'): 2, (u'PRIA', u'SIMONE'): 2, (u'HOMEM', u'MULHER'): 2, (u'AMADEU', u'BRUNO'): 2, (u'ERON', u'MULHER'): 2, (u'ALINE', u'BERNARDA'): 2, (u'FELIX', u'TAMARA'): 2, (u'AMALYS', u'LUTERO'): 2, (u'DANL', u'MICHEL'): 2, (u'DANL', u'DANL'): 2, (u'CESAR', u'LEILA'): 2, (u'FELIX', u'PCIA'): 2, (u'NIKO', u'SIMONE'): 2, (u'PATRICIA', u'PERSEFONE'): 2, (u'VALDIRENE', u'VALDIRENE'): 2, (u'MICL', u'PATRICIA'): 2, (u'PATA', u'PATRICIA'): 2, (u'DENIZARD', u'JUNTOS'): 2, (u'MHEL', u'PATCIA'): 2, (u'GINA', u'PILAR'): 2, (u'LUCIANO', u'ORDALIA'): 2, (u'CARTO', u'VALRENE'): 2, (u'LUTO', u'SIMONE'): 2, (u'C', u'CTO'): 2, (u'BRUNO', u'LUCIANO'): 2, (u'CESAR', u'DENIZARD'): 2, (u'BRUNO', u'PAR'): 2, (u'C', u'VALDINE'): 2, (u'CARLITO', u'JUNTOS'): 2, (u'JOA', u'LUTERO'): 2, (u'BERNARDA', u'JACQUES'): 2, (u'HOMEM', u'MHEL'): 2, (u'EDITH', u'PILAR'): 2, (u'JOANA', u'LUTO'): 2, (u'PERSEFONE', u'PRICIA'): 2, (u'LUTERO', u'SIMONE'): 2, (u'JACQUES', u'LIDIA'): 2, (u'MICL', u'SIMONE'): 2, (u'AMARILYS', u'JACQUES'): 2, (u'AMARILYS', u'BRUNO'): 2, (u'PILAR', u'TAMARA'): 2, (u'PRICIA', u'VALDINE'): 2, (u'CARLITO', u'NICOLE'): 2, (u'AMALYS', u'JOA'): 2, (u'LUTERO', u'SIME'): 2, (u'MICL', u'PATCIA'): 2, (u'PILAR', u'VALENTIN'): 2, (u'CARLITO', u'VALRENE'): 2, (u'EDITH', u'TAMARA'): 2, (u'CESAR', u'LUTERO'): 2, (u'SIME', u'SIMONE'): 2, (u'GARCOM', u'PSEFONE'): 2, (u'CARLI', u'VALDIRE'): 2, (u'CARTO', u'VDINE'): 2, (u'BERNARDA', u'TAMARA'): 2, (u'PRIA', u'PSEFONE'): 2, (u'MULHER', u'PRICIA'): 2, (u'DANL', u'PATA'): 2, (u'CESAR', u'PAR'): 2, (u'CTO', u'VDINE'): 2, (u'VALDIRE', u'VALRENE'): 2, (u'BRUNO', u'NICOLE'): 2, (u'CARLI', u'FELIX'): 2, (u'BRUNO', u'LEILA'): 2, (u'LIDIA', u'VALRENE'): 2, (u'ERON', u'NIKO'): 2})
INFO: Arvore:
{u'edges': {u'ALINE': {u'CESAR': {'n': 62},
                       'PILAR': {'n': 18}},
            'AMADEU': {'FELIX': {'n': 6},
                       'PILAR': {'n': 4}},
            u'AMARILYS': {u'BRUNO': {u'n': 16},
                          'CICA': {'n': 4},
                          u'FELIX': {u'n': 36},
                          u'FEX': {u'n': 4},
                          u'LUTERO': {u'n': 4},
                          u'ORDALIA': {u'n': 10},
                          u'PALOMA': {u'n': 85}},
            u'ANE': {u'CESAR': {'n': 8}},
            u'ATILIO': {u'MARCIA': {u'n': 18},
                        u'VALDIRENE': {u'n': 4}},
            u'BERNARDA': {'CESAR': {'n': 4},
                          'DENIZARD': {'n': 4},
                          'EDITH': {'n': 4},
                          'FELIX': {'n': 10},
                          u'LEILA': {u'n': 8},
                          u'PILAR': {'n': 30},
                          u'WAGNER': {u'n': 4}},
            u'BRUNO': {'CESAR': {'n': 6},
                       'DENIZARD': {'n': 4},
                       u'GINA': {u'n': 6},
                       'LUTERO': {'n': 6},
                       'NINHO': {'n': 30},
                       u'ORDALIA': {'n': 10},
                       u'PALOMA': {u'n': 42},
                       u'PAULA': {u'n': 6},
                       u'PAULINHA': {u'n': 8},
                       'PILAR': {'n': 10}},
            u'CARLITO': {'DENIZARD': {'n': 14},
                         'RINALDO': {'n': 8},
                         u'VALDIRENE': {'n': 28}},
            u'CER': {u'PILAR': {u'n': 4}},
            u'CESAR': {'FELIX': {'n': 4},
                       'LUCIANO': {'n': 4},
                       'ORDALIA': {'n': 4},
                       u'PILAR': {'n': 28}},
            u'DENIZARD': {'LUTERO': {'n': 4},
                          'ORDALIA': {'n': 8},
                          'PILAR': {'n': 14},
                          u'RINALDO': {'n': 22},
                          'VALDIRENE': {'n': 4}},
            'EDITH': {'FELIX': {'n': 8}},
            u'ENTREGADOR': {u'PATRICIA': {u'n': 8}},
            'ERON': {'HOMEM': {'n': 8}},
            u'FELIX': {u'JACQUES': {'n': 56},
                       'NINHO': {'n': 24},
                       'PILAR': {'n': 40},
                       'SIME': {'n': 6},
                       u'SIMONE': {'n': 12}},
            'FEX': {'SIMONE': {'n': 6}},
            u'GINA': {u'ORDALIA': {u'n': 8}},
            u'HOMEM': {u'MARCIA': {u'n': 34},
                       'NIKO': {'n': 12}},
            u'JACQUES': {'JQUES': {'n': 4},
                         u'LUTERO': {'n': 16},
                         'PILAR': {'n': 4}},
            u'JOANA': {u'LUTERO': {'n': 14}},
            u'LEILA': {u'NEIDE': {u'n': 20},
                       'NICOLE': {'n': 4},
                       u'PIL': {u'n': 4},
                       u'PILAR': {u'n': 34},
                       u'THALES': {'n': 106},
                       'THAS': {'n': 8}},
            'LIDIA': {'NICOLE': {'n': 16}},
            u'LUTERO': {u'ORDALIA': {'n': 8},
                        u'PALOMA': {u'n': 26}},
            u'MARCIA': {u'VALDIRENE': {u'n': 60}},
            u'MICHEL': {'PATCIA': {'n': 4},
                        u'PATRICIA': {u'n': 10}},
            u'NICOLE': {u'PILAR': {u'n': 10},
                        'ROGERIO': {'n': 40},
                        u'THALES': {'n': 8},
                        u'VINICIUS': {u'n': 12}},
            u'NINHO': {'ORDALIA': {'n': 3},
                       u'PALOMA': {u'n': 34},
                       'PILAR': {'n': 32},
                       'TAMARA': {'n': 4},
                       'VALENTIN': {'n': 8}},
            u'ORDALIA': {u'PALOMA': {u'n': 16},
                         u'PAULINHA': {u'n': 4},
                         'PILAR': {'n': 10}},
            u'PALOMA': {u'PAULA': {u'n': 18}},
            u'PATRICIA': {u'PORTEIRO': {u'n': 10}},
            u'PILAR': {u'SIRLANGE': {u'n': 12},
                       u'VINICIUS': {u'n': 8},
                       u'WAGNER': {u'n': 4}},
            u'RINALDO': {u'VALDIRENE': {'n': 10}}},
 u'nodes': {u'ALINE': {},
            'AMADEU': {},
            'AMALYS': {},
            u'AMARILYS': {},
            u'ANE': {},
            u'ATILIO': {},
            u'BERNARDA': {},
            u'BRU': {},
            u'BRUNO': {},
            'C': {},
            'CARLI': {},
            u'CARLITO': {},
            'CARTO': {},
            u'CER': {},
            u'CESAR': {},
            'CICA': {},
            'CTO': {},
            'DANL': {},
            u'DENIZARD': {},
            'EDITH': {},
            u'ENTREGADOR': {},
            'ERON': {},
            u'FELIX': {},
            u'FEX': {},
            'GARCOM': {},
            u'GINA': {},
            u'HOMEM': {},
            u'JACQUES': {},
            'JOA': {},
            u'JOANA': {},
            'JQUES': {},
            'JUNTOS': {},
            u'LDA': {},
            u'LEI': {},
            u'LEILA': {},
            'LIDIA': {},
            'LUCIANO': {},
            u'LUTERO': {},
            u'LUTO': {},
            u'MARCIA': {},
            'MHEL': {},
            u'MICHEL': {},
            'MICL': {},
            'MULHER': {},
            u'NEIDE': {},
            u'NICOLE': {},
            'NIKO': {},
            u'NINHO': {},
            u'ORDALIA': {},
            u'PALOMA': {},
            'PAR': {},
            'PATA': {},
            'PATCIA': {},
            u'PATRICIA': {},
            u'PAULA': {},
            u'PAULINHA': {},
            'PCIA': {},
            'PERSEFONE': {},
            u'PIL': {},
            u'PILAR': {},
            u'PORTEIRO': {},
            'PRIA': {},
            'PRICIA': {},
            'PSEFONE': {},
            u'RINALDO': {},
            u'ROGERIO': {},
            'SE': {},
            'SIME': {},
            u'SIMONE': {},
            u'SIRLANGE': {},
            'TAMARA': {},
            u'THALES': {},
            'THAS': {},
            'VALDINE': {},
            'VALDIRE': {},
            u'VALDIRENE': {},
            'VALENTIN': {},
            'VALRENE': {},
            'VDINE': {},
            u'VINICIUS': {},
            u'WAGNER': {}}}
